
CH32V003F4U6.elf:     file format elf32-littleriscv
CH32V003F4U6.elf
architecture: riscv:rv32, flags 0x00000112:
EXEC_P, HAS_SYMS, D_PAGED
start address 0x00000000

Program Header:
    LOAD off    0x00001000 vaddr 0x00000000 paddr 0x00000000 align 2**12
         filesz 0x00001228 memsz 0x00001228 flags r-x
    LOAD off    0x00003000 vaddr 0x20000000 paddr 0x00001228 align 2**12
         filesz 0x00000038 memsz 0x00000074 flags rw-
    LOAD off    0x00003700 vaddr 0x20000700 paddr 0x20000700 align 2**12
         filesz 0x00000000 memsz 0x00000100 flags rw-

Sections:
Idx Name          Size      VMA       LMA       File off  Algn
  0 .init         000000a0  00000000  00000000  00001000  2**2
                  CONTENTS, ALLOC, LOAD, READONLY, CODE
  1 .highcodelalign 00000000  000000a0  000000a0  00003038  2**0
                  CONTENTS
  2 .highcode     00000000  20000000  20000000  00003038  2**0
                  CONTENTS
  3 .text         00001188  000000a0  000000a0  000010a0  2**2
                  CONTENTS, ALLOC, LOAD, READONLY, CODE
  4 .fini         00000000  00001228  00001228  00003038  2**0
                  CONTENTS, ALLOC, LOAD, CODE
  5 .dalign       00000000  20000000  20000000  00003038  2**0
                  CONTENTS
  6 .dlalign      00000000  00001228  00001228  00003038  2**0
                  CONTENTS
  7 .data         00000038  20000000  00001228  00003000  2**2
                  CONTENTS, ALLOC, LOAD, DATA
  8 .bss          0000003c  20000038  00001260  00003038  2**2
                  ALLOC
  9 .stack        00000100  20000700  20000700  00003700  2**0
                  ALLOC
 10 .debug_info   0000d77d  00000000  00000000  00003038  2**0
                  CONTENTS, READONLY, DEBUGGING
 11 .debug_abbrev 00002326  00000000  00000000  000107b5  2**0
                  CONTENTS, READONLY, DEBUGGING
 12 .debug_aranges 00000848  00000000  00000000  00012ae0  2**3
                  CONTENTS, READONLY, DEBUGGING
 13 .debug_ranges 00000850  00000000  00000000  00013328  2**3
                  CONTENTS, READONLY, DEBUGGING
 14 .debug_line   0000a5d9  00000000  00000000  00013b78  2**0
                  CONTENTS, READONLY, DEBUGGING
 15 .debug_str    00002b35  00000000  00000000  0001e151  2**0
                  CONTENTS, READONLY, DEBUGGING
 16 .comment      00000033  00000000  00000000  00020c86  2**0
                  CONTENTS, READONLY
 17 .debug_frame  00001178  00000000  00000000  00020cbc  2**2
                  CONTENTS, READONLY, DEBUGGING
 18 .debug_loc    00003bec  00000000  00000000  00021e34  2**0
                  CONTENTS, READONLY, DEBUGGING
SYMBOL TABLE:
00000000 l    d  .init	00000000 .init
000000a0 l    d  .highcodelalign	00000000 .highcodelalign
20000000 l    d  .highcode	00000000 .highcode
000000a0 l    d  .text	00000000 .text
00001228 l    d  .fini	00000000 .fini
20000000 l    d  .dalign	00000000 .dalign
00001228 l    d  .dlalign	00000000 .dlalign
20000000 l    d  .data	00000000 .data
20000038 l    d  .bss	00000000 .bss
20000700 l    d  .stack	00000000 .stack
00000000 l    d  .debug_info	00000000 .debug_info
00000000 l    d  .debug_abbrev	00000000 .debug_abbrev
00000000 l    d  .debug_aranges	00000000 .debug_aranges
00000000 l    d  .debug_ranges	00000000 .debug_ranges
00000000 l    d  .debug_line	00000000 .debug_line
00000000 l    d  .debug_str	00000000 .debug_str
00000000 l    d  .comment	00000000 .comment
00000000 l    d  .debug_frame	00000000 .debug_frame
00000000 l    d  .debug_loc	00000000 .debug_loc
00000000 l    df *ABS*	00000000 ch32v00x_it.c
00000000 l    df *ABS*	00000000 main.c
20000038 l     O .bss	00000001 cntBlink.4763
20000039 l     O .bss	00000001 cntBoot.4764
00000000 l    df *ABS*	00000000 system_ch32v00x.c
00000000 l    df *ABS*	00000000 ch32v00x_adc.c
00000000 l    df *ABS*	00000000 ch32v00x_dma.c
00000000 l    df *ABS*	00000000 ch32v00x_gpio.c
00000000 l    df *ABS*	00000000 ch32v00x_misc.c
00000000 l    df *ABS*	00000000 ch32v00x_rcc.c
20000014 l     O .data	00000014 ADCPrescTable
20000028 l     O .data	00000010 APBAHBPrescTable
00000000 l    df *ABS*	00000000 ch32v00x_tim.c
00000000 l    df *ABS*	00000000 ch32v00x_usart.c
00000000 l    df *ABS*	00000000 debug.c
20000070 l     O .bss	00000002 p_ms
20000072 l     O .bss	00000001 p_us
00000cce g     F .text	00000014 DMA_Cmd
00000d74 g     F .text	0000000a GPIO_ReadOutputDataBit
20000838 g       .data	00000000 __global_pointer$
000009ec  w      .text	00000000 TIM1_CC_IRQHandler
000001f4 g     F .text	00000010 HardFault_Handler
00000afc g     F .text	00000012 ADC_DMACmd
00001010 g     F .text	0000000e TIM_OC1PreloadConfig
000009ec  w      .text	00000000 SysTick_Handler
00000b20 g     F .text	0000000a ADC_StartCalibration
00000d8e g     F .text	00000062 NVIC_Init
000009ec  w      .text	00000000 PVD_IRQHandler
000001f2 g     F .text	00000002 NMI_Handler
20000038 g       .bss	00000000 _sbss
00000100 g       *ABS*	00000000 __stack_size
00000c96 g     F .text	00000038 DMA_Init
000000aa g     F .text	0000000a .hidden __riscv_restore_2
00000fce g     F .text	00000016 TIM_CtrlPWMOutputs
00000aec g     F .text	00000010 ADC_Cmd
00000204 g     F .text	0000014e ControlPinout_Init
00000fb6 g     F .text	00000018 TIM_Cmd
20000010 g     O .data	00000004 SystemCoreClock
000000d4 g     F .text	0000002c .hidden __udivsi3
00001022 g     F .text	0000000c TIM_ClearFlag
000000a0 g       .init	00000000 _einit
00001046 g     F .text	0000000c TIM_ClearITPendingBit
00000ec2 g     F .text	0000001e RCC_APB2PeriphClockCmd
00000cf8 g     F .text	0000007c GPIO_Init
00000490 g     F .text	00000048 duty_to_timVal
2000006c g     O .bss	00000004 NVIC_Priority_Group
000009ec  w      .text	00000000 SPI1_IRQHandler
00000b0e g     F .text	0000000a ADC_ResetCalibration
0000111e g     F .text	00000016 USART_Cmd
000000a0 g     F .text	0000000a .hidden __riscv_save_1
000000aa g     F .text	0000000a .hidden __riscv_restore_0
000009ec  w      .text	00000000 AWU_IRQHandler
000009ec  w      .text	00000000 EXTI7_0_IRQHandler
000011a6 g     F .text	00000014 USART_ClearITPendingBit
00000ee0 g     F .text	0000001e RCC_APB1PeriphClockCmd
20000700 g       .stack	00000000 _heap_end
00000ea4 g     F .text	0000001e RCC_AHBPeriphClockCmd
000009ec  w      .text	00000000 DMA1_Channel4_IRQHandler
00000b4a g     F .text	000000ba ADC_RegularChannelConfig
000009ec  w      .text	00000000 ADC1_IRQHandler
00000ce2 g     F .text	0000000e DMA_GetFlagStatus
00000b2a g     F .text	00000008 ADC_GetCalibrationStatus
20000074 g       .bss	00000000 _ebss
0000116a g     F .text	0000003c USART_GetITStatus
000009ec  w      .text	00000000 DMA1_Channel7_IRQHandler
00000f4c g     F .text	0000006a TIM_OC1Init
00000b32 g     F .text	00000018 ADC_SoftwareStartConvCmd
00000b18 g     F .text	00000008 ADC_GetResetCalibrationStatus
000011ba g     F .text	00000034 Delay_Init
00000ff6 g     F .text	0000001a TIM_ARRPreloadConfig
00000d7e g     F .text	0000000a GPIO_WriteBit
00000100 g     F .text	00000008 .hidden __umodsi3
20000064 g     O .bss	00000008 sDevice
000009ec  w      .text	00000000 I2C1_EV_IRQHandler
0000102e g     F .text	00000018 TIM_GetITStatus
00000e02 g     F .text	000000a2 RCC_GetClocksFreq
000009ec  w      .text	00000000 DMA1_Channel6_IRQHandler
00001052 g     F .text	000000cc USART_Init
000009ec  w      .text	00000000 RCC_IRQHandler
000004d8 g     F .text	000000ac USART1_Init
000009ec  w      .text	00000000 TIM1_TRG_COM_IRQHandler
000009ec  w      .text	00000000 DMA1_Channel1_IRQHandler
00000000 g       .init	00000000 _start
20000000 g     O .data	00000010 AHBPrescTable
00000fe4 g     F .text	00000012 TIM_ITConfig
00001134 g     F .text	00000036 USART_ITConfig
20000000 g       .highcode	00000000 _highcode_vma_start
000000b4 g     F .text	00000014 .hidden __mulsi3
0000047c g     F .text	00000014 PWM1_SetDuty
000003ce g     F .text	000000ae PWM1_Init
20000000 g       .dalign	00000000 _data_vma
0000014a g     F .text	000000a8 memset
00000df0 g     F .text	00000012 RCC_AdjustHSICalibrationValue
00000706 g     F .text	00000198 main
2000003c g     O .bss	00000026 sAnalog
000009ec  w      .text	00000000 DMA1_Channel5_IRQHandler
000000cc g     F .text	00000058 .hidden __divsi3
000011ee g     F .text	0000003a Delay_Ms
000000a0 g       .highcodelalign	00000000 _highcode_lma
0000089e g     F .text	000000e2 SystemInit
00000000 g       .init	00000000 _sinit
0000065a g     F .text	000000ac calculate_ntc_temperature
000009ec  w      .text	00000000 DMA1_Channel3_IRQHandler
000009ec  w      .text	00000000 TIM1_UP_IRQHandler
000009ec  w      .text	00000000 WWDG_IRQHandler
000005ae g     F .text	000000ac TIM2_IRQHandler
20000800 g       .stack	00000000 _eusrstack
000000a0 g     F .text	0000000a .hidden __riscv_save_2
000009ec  w      .text	00000000 SW_Handler
000009ec  w      .text	00000000 TIM1_BRK_IRQHandler
00000a9e g     F .text	0000004e ADC_Init
20000038 g       .data	00000000 _edata
20000074 g       .bss	00000000 _end
20000000 g       .highcode	00000000 _highcode_vma_end
00000efe g     F .text	0000004e TIM_TimeBaseInit
00001228 g       .dlalign	00000000 _data_lma
00000352 g     F .text	0000007c TIM_INT_Init
00000980 g     F .text	0000006c SystemCoreClockUpdate
00000124 g     F .text	00000024 .hidden __modsi3
000009ec  w      .text	00000000 DMA1_Channel2_IRQHandler
00000cf0 g     F .text	00000008 DMA_ClearFlag
000009ee  w      .text	00000000 handle_reset
000009ec  w      .text	00000000 FLASH_IRQHandler
000000a0 g     F .text	0000000a .hidden __riscv_save_0
00000584 g     F .text	0000002a USART1_IRQHandler
000009ec  w      .text	00000000 I2C1_ER_IRQHandler
00000d88 g     F .text	00000006 NVIC_PriorityGroupConfig
00000c04 g     F .text	00000092 DMA_DeInit
000000aa g     F .text	0000000a .hidden __riscv_restore_1
0000101e g     F .text	00000004 TIM_SetCompare1



Disassembly of section .init:

00000000 <_sinit>:
   0:	1ef0006f          	j	9ee <handle_reset>
   4:	0000                	unimp
   6:	0000                	unimp
   8:	01f2                	slli	gp,gp,0x1c
   a:	0000                	unimp
   c:	01f4                	addi	a3,sp,204
	...
  2e:	0000                	unimp
  30:	09ec                	addi	a1,sp,220
  32:	0000                	unimp
  34:	0000                	unimp
  36:	0000                	unimp
  38:	09ec                	addi	a1,sp,220
  3a:	0000                	unimp
  3c:	0000                	unimp
  3e:	0000                	unimp
  40:	09ec                	addi	a1,sp,220
  42:	0000                	unimp
  44:	09ec                	addi	a1,sp,220
  46:	0000                	unimp
  48:	09ec                	addi	a1,sp,220
  4a:	0000                	unimp
  4c:	09ec                	addi	a1,sp,220
  4e:	0000                	unimp
  50:	09ec                	addi	a1,sp,220
  52:	0000                	unimp
  54:	09ec                	addi	a1,sp,220
  56:	0000                	unimp
  58:	09ec                	addi	a1,sp,220
  5a:	0000                	unimp
  5c:	09ec                	addi	a1,sp,220
  5e:	0000                	unimp
  60:	09ec                	addi	a1,sp,220
  62:	0000                	unimp
  64:	09ec                	addi	a1,sp,220
  66:	0000                	unimp
  68:	09ec                	addi	a1,sp,220
  6a:	0000                	unimp
  6c:	09ec                	addi	a1,sp,220
  6e:	0000                	unimp
  70:	09ec                	addi	a1,sp,220
  72:	0000                	unimp
  74:	09ec                	addi	a1,sp,220
  76:	0000                	unimp
  78:	09ec                	addi	a1,sp,220
  7a:	0000                	unimp
  7c:	09ec                	addi	a1,sp,220
  7e:	0000                	unimp
  80:	0584                	addi	s1,sp,704
  82:	0000                	unimp
  84:	09ec                	addi	a1,sp,220
  86:	0000                	unimp
  88:	09ec                	addi	a1,sp,220
  8a:	0000                	unimp
  8c:	09ec                	addi	a1,sp,220
  8e:	0000                	unimp
  90:	09ec                	addi	a1,sp,220
  92:	0000                	unimp
  94:	09ec                	addi	a1,sp,220
  96:	0000                	unimp
  98:	05ae                	slli	a1,a1,0xb
  9a:	0000                	unimp
  9c:	0000                	unimp
	...

Disassembly of section .text:

000000a0 <__riscv_save_0>:
      a0:	1151                	addi	sp,sp,-12
      a2:	c026                	sw	s1,0(sp)
      a4:	c222                	sw	s0,4(sp)
      a6:	c406                	sw	ra,8(sp)
      a8:	8282                	jr	t0

000000aa <__riscv_restore_0>:
      aa:	4482                	lw	s1,0(sp)
      ac:	4412                	lw	s0,4(sp)
      ae:	40a2                	lw	ra,8(sp)
      b0:	0131                	addi	sp,sp,12
      b2:	8082                	ret

000000b4 <__mulsi3>:
      b4:	862a                	mv	a2,a0
      b6:	4501                	li	a0,0
      b8:	0015f693          	andi	a3,a1,1
      bc:	c291                	beqz	a3,c0 <__mulsi3+0xc>
      be:	9532                	add	a0,a0,a2
      c0:	8185                	srli	a1,a1,0x1
      c2:	0606                	slli	a2,a2,0x1
      c4:	f9f5                	bnez	a1,b8 <__mulsi3+0x4>
      c6:	8082                	ret
      c8:	0000                	unimp
	...

000000cc <__divsi3>:
      cc:	02054e63          	bltz	a0,108 <__umodsi3+0x8>
      d0:	0405c363          	bltz	a1,116 <__umodsi3+0x16>

000000d4 <__udivsi3>:
      d4:	862e                	mv	a2,a1
      d6:	85aa                	mv	a1,a0
      d8:	557d                	li	a0,-1
      da:	c215                	beqz	a2,fe <__udivsi3+0x2a>
      dc:	4685                	li	a3,1
      de:	00b67863          	bgeu	a2,a1,ee <__udivsi3+0x1a>
      e2:	00c05663          	blez	a2,ee <__udivsi3+0x1a>
      e6:	0606                	slli	a2,a2,0x1
      e8:	0686                	slli	a3,a3,0x1
      ea:	feb66ce3          	bltu	a2,a1,e2 <__udivsi3+0xe>
      ee:	4501                	li	a0,0
      f0:	00c5e463          	bltu	a1,a2,f8 <__udivsi3+0x24>
      f4:	8d91                	sub	a1,a1,a2
      f6:	8d55                	or	a0,a0,a3
      f8:	8285                	srli	a3,a3,0x1
      fa:	8205                	srli	a2,a2,0x1
      fc:	faf5                	bnez	a3,f0 <__udivsi3+0x1c>
      fe:	8082                	ret

00000100 <__umodsi3>:
     100:	8286                	mv	t0,ra
     102:	3fc9                	jal	d4 <__udivsi3>
     104:	852e                	mv	a0,a1
     106:	8282                	jr	t0
     108:	40a00533          	neg	a0,a0
     10c:	0005d763          	bgez	a1,11a <__umodsi3+0x1a>
     110:	40b005b3          	neg	a1,a1
     114:	b7c1                	j	d4 <__udivsi3>
     116:	40b005b3          	neg	a1,a1
     11a:	8286                	mv	t0,ra
     11c:	3f65                	jal	d4 <__udivsi3>
     11e:	40a00533          	neg	a0,a0
     122:	8282                	jr	t0

00000124 <__modsi3>:
     124:	8286                	mv	t0,ra
     126:	0005c763          	bltz	a1,134 <__modsi3+0x10>
     12a:	00054963          	bltz	a0,13c <__modsi3+0x18>
     12e:	375d                	jal	d4 <__udivsi3>
     130:	852e                	mv	a0,a1
     132:	8282                	jr	t0
     134:	40b005b3          	neg	a1,a1
     138:	fe055be3          	bgez	a0,12e <__modsi3+0xa>
     13c:	40a00533          	neg	a0,a0
     140:	3f51                	jal	d4 <__udivsi3>
     142:	40b00533          	neg	a0,a1
     146:	8282                	jr	t0
	...

0000014a <memset>:
     14a:	433d                	li	t1,15
     14c:	872a                	mv	a4,a0
     14e:	02c37363          	bgeu	t1,a2,174 <memset+0x2a>
     152:	00f77793          	andi	a5,a4,15
     156:	efbd                	bnez	a5,1d4 <memset+0x8a>
     158:	e5ad                	bnez	a1,1c2 <memset+0x78>
     15a:	ff067693          	andi	a3,a2,-16
     15e:	8a3d                	andi	a2,a2,15
     160:	96ba                	add	a3,a3,a4
     162:	c30c                	sw	a1,0(a4)
     164:	c34c                	sw	a1,4(a4)
     166:	c70c                	sw	a1,8(a4)
     168:	c74c                	sw	a1,12(a4)
     16a:	0741                	addi	a4,a4,16
     16c:	fed76be3          	bltu	a4,a3,162 <memset+0x18>
     170:	e211                	bnez	a2,174 <memset+0x2a>
     172:	8082                	ret
     174:	40c306b3          	sub	a3,t1,a2
     178:	068a                	slli	a3,a3,0x2
     17a:	00000297          	auipc	t0,0x0
     17e:	9696                	add	a3,a3,t0
     180:	00a68067          	jr	10(a3)
     184:	00b70723          	sb	a1,14(a4)
     188:	00b706a3          	sb	a1,13(a4)
     18c:	00b70623          	sb	a1,12(a4)
     190:	00b705a3          	sb	a1,11(a4)
     194:	00b70523          	sb	a1,10(a4)
     198:	00b704a3          	sb	a1,9(a4)
     19c:	00b70423          	sb	a1,8(a4)
     1a0:	00b703a3          	sb	a1,7(a4)
     1a4:	00b70323          	sb	a1,6(a4)
     1a8:	00b702a3          	sb	a1,5(a4)
     1ac:	00b70223          	sb	a1,4(a4)
     1b0:	00b701a3          	sb	a1,3(a4)
     1b4:	00b70123          	sb	a1,2(a4)
     1b8:	00b700a3          	sb	a1,1(a4)
     1bc:	00b70023          	sb	a1,0(a4)
     1c0:	8082                	ret
     1c2:	0ff5f593          	andi	a1,a1,255
     1c6:	00859693          	slli	a3,a1,0x8
     1ca:	8dd5                	or	a1,a1,a3
     1cc:	01059693          	slli	a3,a1,0x10
     1d0:	8dd5                	or	a1,a1,a3
     1d2:	b761                	j	15a <memset+0x10>
     1d4:	00279693          	slli	a3,a5,0x2
     1d8:	00000297          	auipc	t0,0x0
     1dc:	9696                	add	a3,a3,t0
     1de:	8286                	mv	t0,ra
     1e0:	fa8680e7          	jalr	-88(a3)
     1e4:	8096                	mv	ra,t0
     1e6:	17c1                	addi	a5,a5,-16
     1e8:	8f1d                	sub	a4,a4,a5
     1ea:	963e                	add	a2,a2,a5
     1ec:	f8c374e3          	bgeu	t1,a2,174 <memset+0x2a>
     1f0:	b7a5                	j	158 <memset+0xe>

000001f2 <NMI_Handler>:
     1f2:	a001                	j	1f2 <NMI_Handler>

000001f4 <HardFault_Handler>:
     1f4:	beef07b7          	lui	a5,0xbeef0
     1f8:	e000e737          	lui	a4,0xe000e
     1fc:	08078793          	addi	a5,a5,128 # beef0080 <__global_pointer$+0x9eeef848>
     200:	c73c                	sw	a5,72(a4)
     202:	a001                	j	202 <HardFault_Handler+0xe>

00000204 <ControlPinout_Init>:
     204:	e9dff2ef          	jal	t0,a0 <__riscv_save_0>
     208:	715d                	addi	sp,sp,-80
     20a:	4661                	li	a2,24
     20c:	4581                	li	a1,0
     20e:	0068                	addi	a0,sp,12
     210:	3f2d                	jal	14a <memset>
     212:	02c00613          	li	a2,44
     216:	4581                	li	a1,0
     218:	1048                	addi	a0,sp,36
     21a:	c002                	sw	zero,0(sp)
     21c:	c202                	sw	zero,4(sp)
     21e:	c402                	sw	zero,8(sp)
     220:	372d                	jal	14a <memset>
     222:	4585                	li	a1,1
     224:	23500513          	li	a0,565
     228:	49b000ef          	jal	ra,ec2 <RCC_APB2PeriphClockCmd>
     22c:	4585                	li	a1,1
     22e:	4505                	li	a0,1
     230:	475000ef          	jal	ra,ea4 <RCC_AHBPeriphClockCmd>
     234:	47a1                	li	a5,8
     236:	4441                	li	s0,16
     238:	807c                	sh	a5,0(sp)
     23a:	858a                	mv	a1,sp
     23c:	478d                	li	a5,3
     23e:	40011537          	lui	a0,0x40011
     242:	c23e                	sw	a5,4(sp)
     244:	c422                	sw	s0,8(sp)
     246:	2b3000ef          	jal	ra,cf8 <GPIO_Init>
     24a:	40011537          	lui	a0,0x40011
     24e:	4719                	li	a4,6
     250:	858a                	mv	a1,sp
     252:	80050513          	addi	a0,a0,-2048 # 40010800 <__global_pointer$+0x2000ffc8>
     256:	8078                	sh	a4,0(sp)
     258:	c402                	sw	zero,8(sp)
     25a:	29f000ef          	jal	ra,cf8 <GPIO_Init>
     25e:	858a                	mv	a1,sp
     260:	40011537          	lui	a0,0x40011
     264:	8060                	sh	s0,0(sp)
     266:	293000ef          	jal	ra,cf8 <GPIO_Init>
     26a:	40012437          	lui	s0,0x40012
     26e:	4705                	li	a4,1
     270:	478d                	li	a5,3
     272:	c83a                	sw	a4,16(sp)
     274:	006c                	addi	a1,sp,12
     276:	000e0737          	lui	a4,0xe0
     27a:	40040513          	addi	a0,s0,1024 # 40012400 <__global_pointer$+0x20011bc8>
     27e:	cc3a                	sw	a4,24(sp)
     280:	02f10023          	sb	a5,32(sp)
     284:	c602                	sw	zero,12(sp)
     286:	ca02                	sw	zero,20(sp)
     288:	ce02                	sw	zero,28(sp)
     28a:	015000ef          	jal	ra,a9e <ADC_Init>
     28e:	469d                	li	a3,7
     290:	4605                	li	a2,1
     292:	4589                	li	a1,2
     294:	40040513          	addi	a0,s0,1024
     298:	0b3000ef          	jal	ra,b4a <ADC_RegularChannelConfig>
     29c:	469d                	li	a3,7
     29e:	4609                	li	a2,2
     2a0:	4585                	li	a1,1
     2a2:	40040513          	addi	a0,s0,1024
     2a6:	0a5000ef          	jal	ra,b4a <ADC_RegularChannelConfig>
     2aa:	469d                	li	a3,7
     2ac:	460d                	li	a2,3
     2ae:	4581                	li	a1,0
     2b0:	40040513          	addi	a0,s0,1024
     2b4:	097000ef          	jal	ra,b4a <ADC_RegularChannelConfig>
     2b8:	400204b7          	lui	s1,0x40020
     2bc:	00848513          	addi	a0,s1,8 # 40020008 <__global_pointer$+0x2001f7d0>
     2c0:	145000ef          	jal	ra,c04 <DMA_DeInit>
     2c4:	478d                	li	a5,3
     2c6:	d83e                	sw	a5,48(sp)
     2c8:	08000793          	li	a5,128
     2cc:	dc3e                	sw	a5,56(sp)
     2ce:	10000793          	li	a5,256
     2d2:	44c40713          	addi	a4,s0,1100
     2d6:	de3e                	sw	a5,60(sp)
     2d8:	40000793          	li	a5,1024
     2dc:	d23a                	sw	a4,36(sp)
     2de:	c0be                	sw	a5,64(sp)
     2e0:	20000737          	lui	a4,0x20000
     2e4:	02000793          	li	a5,32
     2e8:	03c70713          	addi	a4,a4,60 # 2000003c <sAnalog>
     2ec:	00848513          	addi	a0,s1,8
     2f0:	c2be                	sw	a5,68(sp)
     2f2:	104c                	addi	a1,sp,36
     2f4:	6789                	lui	a5,0x2
     2f6:	d43a                	sw	a4,40(sp)
     2f8:	c4be                	sw	a5,72(sp)
     2fa:	d602                	sw	zero,44(sp)
     2fc:	da02                	sw	zero,52(sp)
     2fe:	c682                	sw	zero,76(sp)
     300:	197000ef          	jal	ra,c96 <DMA_Init>
     304:	00848513          	addi	a0,s1,8
     308:	4585                	li	a1,1
     30a:	1c5000ef          	jal	ra,cce <DMA_Cmd>
     30e:	4585                	li	a1,1
     310:	40040513          	addi	a0,s0,1024
     314:	7e8000ef          	jal	ra,afc <ADC_DMACmd>
     318:	4585                	li	a1,1
     31a:	40040513          	addi	a0,s0,1024
     31e:	7ce000ef          	jal	ra,aec <ADC_Cmd>
     322:	40040513          	addi	a0,s0,1024
     326:	7e8000ef          	jal	ra,b0e <ADC_ResetCalibration>
     32a:	40040493          	addi	s1,s0,1024
     32e:	8526                	mv	a0,s1
     330:	7e8000ef          	jal	ra,b18 <ADC_GetResetCalibrationStatus>
     334:	fd6d                	bnez	a0,32e <ControlPinout_Init+0x12a>
     336:	40040513          	addi	a0,s0,1024
     33a:	40012437          	lui	s0,0x40012
     33e:	7e2000ef          	jal	ra,b20 <ADC_StartCalibration>
     342:	40040413          	addi	s0,s0,1024 # 40012400 <__global_pointer$+0x20011bc8>
     346:	8522                	mv	a0,s0
     348:	7e2000ef          	jal	ra,b2a <ADC_GetCalibrationStatus>
     34c:	fd6d                	bnez	a0,346 <ControlPinout_Init+0x142>
     34e:	6161                	addi	sp,sp,80
     350:	bba9                	j	aa <__riscv_restore_0>

00000352 <TIM_INT_Init>:
     352:	d4fff2ef          	jal	t0,a0 <__riscv_save_0>
     356:	1131                	addi	sp,sp,-20
     358:	4585                	li	a1,1
     35a:	4505                	li	a0,1
     35c:	c402                	sw	zero,8(sp)
     35e:	c602                	sw	zero,12(sp)
     360:	00011823          	sh	zero,16(sp)
     364:	c002                	sw	zero,0(sp)
     366:	c202                	sw	zero,4(sp)
     368:	379000ef          	jal	ra,ee0 <RCC_APB1PeriphClockCmd>
     36c:	47bd                	li	a5,15
     36e:	c43e                	sw	a5,8(sp)
     370:	67bd                	lui	a5,0xf
     372:	a5f78793          	addi	a5,a5,-1441 # ea5f <_data_lma+0xd837>
     376:	002c                	addi	a1,sp,8
     378:	40000537          	lui	a0,0x40000
     37c:	c63e                	sw	a5,12(sp)
     37e:	381000ef          	jal	ra,efe <TIM_TimeBaseInit>
     382:	4585                	li	a1,1
     384:	40000537          	lui	a0,0x40000
     388:	49b000ef          	jal	ra,1022 <TIM_ClearFlag>
     38c:	04000713          	li	a4,64
     390:	e000e7b7          	lui	a5,0xe000e
     394:	28e7a223          	sw	a4,644(a5) # e000e284 <__global_pointer$+0xc000da4c>
     398:	4605                	li	a2,1
     39a:	4585                	li	a1,1
     39c:	40000537          	lui	a0,0x40000
     3a0:	445000ef          	jal	ra,fe4 <TIM_ITConfig>
     3a4:	12600793          	li	a5,294
     3a8:	807c                	sh	a5,0(sp)
     3aa:	4789                	li	a5,2
     3ac:	815c                	sb	a5,2(sp)
     3ae:	850a                	mv	a0,sp
     3b0:	4785                	li	a5,1
     3b2:	c23e                	sw	a5,4(sp)
     3b4:	1db000ef          	jal	ra,d8e <NVIC_Init>
     3b8:	03200513          	li	a0,50
     3bc:	633000ef          	jal	ra,11ee <Delay_Ms>
     3c0:	4585                	li	a1,1
     3c2:	40000537          	lui	a0,0x40000
     3c6:	3f1000ef          	jal	ra,fb6 <TIM_Cmd>
     3ca:	0151                	addi	sp,sp,20
     3cc:	b9f9                	j	aa <__riscv_restore_0>

000003ce <PWM1_Init>:
     3ce:	cd3ff2ef          	jal	t0,a0 <__riscv_save_0>
     3d2:	84aa                	mv	s1,a0
     3d4:	6505                	lui	a0,0x1
     3d6:	fd410113          	addi	sp,sp,-44
     3da:	842e                	mv	s0,a1
     3dc:	82050513          	addi	a0,a0,-2016 # 820 <main+0x11a>
     3e0:	4585                	li	a1,1
     3e2:	c032                	sw	a2,0(sp)
     3e4:	c802                	sw	zero,16(sp)
     3e6:	ca02                	sw	zero,20(sp)
     3e8:	cc02                	sw	zero,24(sp)
     3ea:	c202                	sw	zero,4(sp)
     3ec:	c402                	sw	zero,8(sp)
     3ee:	00011623          	sh	zero,12(sp)
     3f2:	ce02                	sw	zero,28(sp)
     3f4:	d002                	sw	zero,32(sp)
     3f6:	d202                	sw	zero,36(sp)
     3f8:	d402                	sw	zero,40(sp)
     3fa:	2c9000ef          	jal	ra,ec2 <RCC_APB2PeriphClockCmd>
     3fe:	4791                	li	a5,4
     400:	80fc                	sh	a5,16(sp)
     402:	40011537          	lui	a0,0x40011
     406:	47e1                	li	a5,24
     408:	cc3e                	sw	a5,24(sp)
     40a:	080c                	addi	a1,sp,16
     40c:	478d                	li	a5,3
     40e:	40050513          	addi	a0,a0,1024 # 40011400 <__global_pointer$+0x20010bc8>
     412:	ca3e                	sw	a5,20(sp)
     414:	0e5000ef          	jal	ra,cf8 <GPIO_Init>
     418:	8260                	sh	s0,4(sp)
     41a:	40013437          	lui	s0,0x40013
     41e:	004c                	addi	a1,sp,4
     420:	c0040513          	addi	a0,s0,-1024 # 40012c00 <__global_pointer$+0x200123c8>
     424:	8464                	sh	s1,8(sp)
     426:	00011523          	sh	zero,10(sp)
     42a:	00011323          	sh	zero,6(sp)
     42e:	2d1000ef          	jal	ra,efe <TIM_TimeBaseInit>
     432:	4602                	lw	a2,0(sp)
     434:	67c1                	lui	a5,0x10
     436:	06078793          	addi	a5,a5,96 # 10060 <_data_lma+0xee38>
     43a:	086c                	addi	a1,sp,28
     43c:	c0040513          	addi	a0,s0,-1024
     440:	ce3e                	sw	a5,28(sp)
     442:	02c11123          	sh	a2,34(sp)
     446:	02011223          	sh	zero,36(sp)
     44a:	303000ef          	jal	ra,f4c <TIM_OC1Init>
     44e:	c0040513          	addi	a0,s0,-1024
     452:	45a1                	li	a1,8
     454:	3bd000ef          	jal	ra,1010 <TIM_OC1PreloadConfig>
     458:	c0040513          	addi	a0,s0,-1024
     45c:	4585                	li	a1,1
     45e:	399000ef          	jal	ra,ff6 <TIM_ARRPreloadConfig>
     462:	c0040513          	addi	a0,s0,-1024
     466:	4585                	li	a1,1
     468:	367000ef          	jal	ra,fce <TIM_CtrlPWMOutputs>
     46c:	4585                	li	a1,1
     46e:	c0040513          	addi	a0,s0,-1024
     472:	345000ef          	jal	ra,fb6 <TIM_Cmd>
     476:	02c10113          	addi	sp,sp,44
     47a:	b905                	j	aa <__riscv_restore_0>

0000047c <PWM1_SetDuty>:
     47c:	c25ff2ef          	jal	t0,a0 <__riscv_save_0>
     480:	85aa                	mv	a1,a0
     482:	40013537          	lui	a0,0x40013
     486:	c0050513          	addi	a0,a0,-1024 # 40012c00 <__global_pointer$+0x200123c8>
     48a:	395000ef          	jal	ra,101e <TIM_SetCompare1>
     48e:	b931                	j	aa <__riscv_restore_0>

00000490 <duty_to_timVal>:
     490:	c11ff2ef          	jal	t0,a0 <__riscv_save_0>
     494:	fff50793          	addi	a5,a0,-1
     498:	0ff7f793          	andi	a5,a5,255
     49c:	4721                	li	a4,8
     49e:	02f77863          	bgeu	a4,a5,4ce <duty_to_timVal+0x3e>
     4a2:	05a00793          	li	a5,90
     4a6:	02a7e663          	bltu	a5,a0,4d2 <duty_to_timVal+0x42>
     4aa:	00551793          	slli	a5,a0,0x5
     4ae:	8f89                	sub	a5,a5,a0
     4b0:	078a                	slli	a5,a5,0x2
     4b2:	953e                	add	a0,a0,a5
     4b4:	06400593          	li	a1,100
     4b8:	050e                	slli	a0,a0,0x3
     4ba:	3909                	jal	cc <__divsi3>
     4bc:	3e800793          	li	a5,1000
     4c0:	00f51463          	bne	a0,a5,4c8 <duty_to_timVal+0x38>
     4c4:	3e700513          	li	a0,999
     4c8:	0542                	slli	a0,a0,0x10
     4ca:	8141                	srli	a0,a0,0x10
     4cc:	bef9                	j	aa <__riscv_restore_0>
     4ce:	4501                	li	a0,0
     4d0:	bfe9                	j	4aa <duty_to_timVal+0x1a>
     4d2:	06400513          	li	a0,100
     4d6:	bfd1                	j	4aa <duty_to_timVal+0x1a>

000004d8 <USART1_Init>:
     4d8:	bc9ff2ef          	jal	t0,a0 <__riscv_save_0>
     4dc:	6511                	lui	a0,0x4
     4de:	fdc10113          	addi	sp,sp,-36
     4e2:	4585                	li	a1,1
     4e4:	02150513          	addi	a0,a0,33 # 4021 <_data_lma+0x2df9>
     4e8:	c402                	sw	zero,8(sp)
     4ea:	c602                	sw	zero,12(sp)
     4ec:	c802                	sw	zero,16(sp)
     4ee:	ca02                	sw	zero,20(sp)
     4f0:	cc02                	sw	zero,24(sp)
     4f2:	ce02                	sw	zero,28(sp)
     4f4:	d002                	sw	zero,32(sp)
     4f6:	c002                	sw	zero,0(sp)
     4f8:	c202                	sw	zero,4(sp)
     4fa:	1c9000ef          	jal	ra,ec2 <RCC_APB2PeriphClockCmd>
     4fe:	40011437          	lui	s0,0x40011
     502:	04000793          	li	a5,64
     506:	847c                	sh	a5,8(sp)
     508:	448d                	li	s1,3
     50a:	47e1                	li	a5,24
     50c:	002c                	addi	a1,sp,8
     50e:	40040513          	addi	a0,s0,1024 # 40011400 <__global_pointer$+0x20010bc8>
     512:	c626                	sw	s1,12(sp)
     514:	c83e                	sw	a5,16(sp)
     516:	7e2000ef          	jal	ra,cf8 <GPIO_Init>
     51a:	02000793          	li	a5,32
     51e:	847c                	sh	a5,8(sp)
     520:	002c                	addi	a1,sp,8
     522:	4791                	li	a5,4
     524:	40040513          	addi	a0,s0,1024
     528:	c626                	sw	s1,12(sp)
     52a:	c83e                	sw	a5,16(sp)
     52c:	7cc000ef          	jal	ra,cf8 <GPIO_Init>
     530:	67f1                	lui	a5,0x1c
     532:	40014437          	lui	s0,0x40014
     536:	20078793          	addi	a5,a5,512 # 1c200 <_data_lma+0x1afd8>
     53a:	ca3e                	sw	a5,20(sp)
     53c:	084c                	addi	a1,sp,20
     53e:	000c07b7          	lui	a5,0xc0
     542:	80040513          	addi	a0,s0,-2048 # 40013800 <__global_pointer$+0x20012fc8>
     546:	ce3e                	sw	a5,28(sp)
     548:	cc02                	sw	zero,24(sp)
     54a:	02011023          	sh	zero,32(sp)
     54e:	305000ef          	jal	ra,1052 <USART_Init>
     552:	4605                	li	a2,1
     554:	52500593          	li	a1,1317
     558:	80040513          	addi	a0,s0,-2048
     55c:	3d9000ef          	jal	ra,1134 <USART_ITConfig>
     560:	12000793          	li	a5,288
     564:	807c                	sh	a5,0(sp)
     566:	850a                	mv	a0,sp
     568:	4785                	li	a5,1
     56a:	c23e                	sw	a5,4(sp)
     56c:	00010123          	sb	zero,2(sp)
     570:	01f000ef          	jal	ra,d8e <NVIC_Init>
     574:	4585                	li	a1,1
     576:	80040513          	addi	a0,s0,-2048
     57a:	3a5000ef          	jal	ra,111e <USART_Cmd>
     57e:	02410113          	addi	sp,sp,36
     582:	b625                	j	aa <__riscv_restore_0>

00000584 <USART1_IRQHandler>:
     584:	1171                	addi	sp,sp,-4
     586:	c022                	sw	s0,0(sp)
     588:	40014437          	lui	s0,0x40014
     58c:	52500593          	li	a1,1317
     590:	80040513          	addi	a0,s0,-2048 # 40013800 <__global_pointer$+0x20012fc8>
     594:	3d7000ef          	jal	ra,116a <USART_GetITStatus>
     598:	c519                	beqz	a0,5a6 <USART1_IRQHandler+0x22>
     59a:	52500593          	li	a1,1317
     59e:	80040513          	addi	a0,s0,-2048
     5a2:	405000ef          	jal	ra,11a6 <USART_ClearITPendingBit>
     5a6:	4402                	lw	s0,0(sp)
     5a8:	0111                	addi	sp,sp,4
     5aa:	30200073          	mret

000005ae <TIM2_IRQHandler>:
     5ae:	1171                	addi	sp,sp,-4
     5b0:	4585                	li	a1,1
     5b2:	40000537          	lui	a0,0x40000
     5b6:	c022                	sw	s0,0(sp)
     5b8:	277000ef          	jal	ra,102e <TIM_GetITStatus>
     5bc:	c959                	beqz	a0,652 <TIM2_IRQHandler+0xa4>
     5be:	82c18793          	addi	a5,gp,-2004 # 20000064 <sDevice>
     5c2:	3394                	lbu	a3,1(a5)
     5c4:	4605                	li	a2,1
     5c6:	82c18593          	addi	a1,gp,-2004 # 20000064 <sDevice>
     5ca:	04d66163          	bltu	a2,a3,60c <TIM2_IRQHandler+0x5e>
     5ce:	23b8                	lbu	a4,2(a5)
     5d0:	b3b0                	sb	a2,3(a5)
     5d2:	0705                	addi	a4,a4,1
     5d4:	0ff77713          	andi	a4,a4,255
     5d8:	a3b8                	sb	a4,2(a5)
     5da:	02e67963          	bgeu	a2,a4,60c <TIM2_IRQHandler+0x5e>
     5de:	00078123          	sb	zero,2(a5) # c0002 <_data_lma+0xbedda>
     5e2:	e68d                	bnez	a3,60c <TIM2_IRQHandler+0x5e>
     5e4:	200006b7          	lui	a3,0x20000
     5e8:	03968693          	addi	a3,a3,57 # 20000039 <cntBoot.4764>
     5ec:	2298                	lbu	a4,0(a3)
     5ee:	0705                	addi	a4,a4,1
     5f0:	0ff77713          	andi	a4,a4,255
     5f4:	a298                	sb	a4,0(a3)
     5f6:	46a5                	li	a3,9
     5f8:	00e6fa63          	bgeu	a3,a4,60c <TIM2_IRQHandler+0x5e>
     5fc:	a390                	sb	a2,0(a5)
     5fe:	4601                	li	a2,0
     600:	45a1                	li	a1,8
     602:	40011537          	lui	a0,0x40011
     606:	778000ef          	jal	ra,d7e <GPIO_WriteBit>
     60a:	a83d                	j	648 <TIM2_IRQHandler+0x9a>
     60c:	2198                	lbu	a4,0(a1)
     60e:	4785                	li	a5,1
     610:	fef707e3          	beq	a4,a5,5fe <TIM2_IRQHandler+0x50>
     614:	20000437          	lui	s0,0x20000
     618:	03840413          	addi	s0,s0,56 # 20000038 <_edata>
     61c:	201c                	lbu	a5,0(s0)
     61e:	472d                	li	a4,11
     620:	0785                	addi	a5,a5,1
     622:	0ff7f793          	andi	a5,a5,255
     626:	a01c                	sb	a5,0(s0)
     628:	02f77063          	bgeu	a4,a5,648 <TIM2_IRQHandler+0x9a>
     62c:	45a1                	li	a1,8
     62e:	40011537          	lui	a0,0x40011
     632:	742000ef          	jal	ra,d74 <GPIO_ReadOutputDataBit>
     636:	00153613          	seqz	a2,a0
     63a:	45a1                	li	a1,8
     63c:	40011537          	lui	a0,0x40011
     640:	73e000ef          	jal	ra,d7e <GPIO_WriteBit>
     644:	00040023          	sb	zero,0(s0)
     648:	4585                	li	a1,1
     64a:	40000537          	lui	a0,0x40000
     64e:	1f9000ef          	jal	ra,1046 <TIM_ClearITPendingBit>
     652:	4402                	lw	s0,0(sp)
     654:	0111                	addi	sp,sp,4
     656:	30200073          	mret

0000065a <calculate_ntc_temperature>:
     65a:	a47ff2ef          	jal	t0,a0 <__riscv_save_0>
     65e:	251e                	lhu	a5,8(a0)
     660:	e399                	bnez	a5,666 <calculate_ntc_temperature+0xc>
     662:	4785                	li	a5,1
     664:	a51e                	sh	a5,8(a0)
     666:	2502                	lhu	s0,8(a0)
     668:	217e                	lhu	a5,6(a0)
     66a:	f9c00513          	li	a0,-100
     66e:	08f47b63          	bgeu	s0,a5,704 <calculate_ntc_temperature+0xaa>
     672:	6589                	lui	a1,0x2
     674:	40878533          	sub	a0,a5,s0
     678:	71058593          	addi	a1,a1,1808 # 2710 <_data_lma+0x14e8>
     67c:	3c25                	jal	b4 <__mulsi3>
     67e:	85a2                	mv	a1,s0
     680:	3c91                	jal	d4 <__udivsi3>
     682:	000f47b7          	lui	a5,0xf4
     686:	f9c50713          	addi	a4,a0,-100 # 3fffff9c <__global_pointer$+0x1ffff764>
     68a:	1dc78793          	addi	a5,a5,476 # f41dc <_data_lma+0xf2fb4>
     68e:	842a                	mv	s0,a0
     690:	f9c00513          	li	a0,-100
     694:	06e7e863          	bltu	a5,a4,704 <calculate_ntc_temperature+0xaa>
     698:	7579                	lui	a0,0xffffe
     69a:	8f050513          	addi	a0,a0,-1808 # ffffd8f0 <__global_pointer$+0xdfffd0b8>
     69e:	45a9                	li	a1,10
     6a0:	9522                	add	a0,a0,s0
     6a2:	342d                	jal	cc <__divsi3>
     6a4:	1f350713          	addi	a4,a0,499
     6a8:	3e600793          	li	a5,998
     6ac:	02e7f163          	bgeu	a5,a4,6ce <calculate_ntc_temperature+0x74>
     6b0:	45a9                	li	a1,10
     6b2:	8522                	mv	a0,s0
     6b4:	3c21                	jal	cc <__divsi3>
     6b6:	c1850713          	addi	a4,a0,-1000
     6ba:	00571793          	slli	a5,a4,0x5
     6be:	8f99                	sub	a5,a5,a4
     6c0:	078a                	slli	a5,a5,0x2
     6c2:	97ba                	add	a5,a5,a4
     6c4:	3e850593          	addi	a1,a0,1000
     6c8:	00479513          	slli	a0,a5,0x4
     6cc:	3401                	jal	cc <__divsi3>
     6ce:	6405                	lui	s0,0x1
     6d0:	9e340593          	addi	a1,s0,-1565 # 9e3 <SystemCoreClockUpdate+0x63>
     6d4:	32c5                	jal	b4 <__mulsi3>
     6d6:	3e800593          	li	a1,1000
     6da:	3acd                	jal	cc <__divsi3>
     6dc:	d1a40593          	addi	a1,s0,-742
     6e0:	95aa                	add	a1,a1,a0
     6e2:	f9c00513          	li	a0,-100
     6e6:	cd99                	beqz	a1,704 <calculate_ntc_temperature+0xaa>
     6e8:	05f5e537          	lui	a0,0x5f5e
     6ec:	10050513          	addi	a0,a0,256 # 5f5e100 <_data_lma+0x5f5ced8>
     6f0:	3af1                	jal	cc <__divsi3>
     6f2:	77e5                	lui	a5,0xffff9
     6f4:	54d78793          	addi	a5,a5,1357 # ffff954d <__global_pointer$+0xdfff8d15>
     6f8:	06400593          	li	a1,100
     6fc:	953e                	add	a0,a0,a5
     6fe:	32f9                	jal	cc <__divsi3>
     700:	0542                	slli	a0,a0,0x10
     702:	8541                	srai	a0,a0,0x10
     704:	b25d                	j	aa <__riscv_restore_0>

00000706 <main>:
     706:	99bff2ef          	jal	t0,a0 <__riscv_save_0>
     70a:	4505                	li	a0,1
     70c:	2db5                	jal	d88 <NVIC_PriorityGroupConfig>
     70e:	2c8d                	jal	980 <SystemCoreClockUpdate>
     710:	2ab000ef          	jal	ra,11ba <Delay_Init>
     714:	3cc5                	jal	204 <ControlPinout_Init>
     716:	3935                	jal	352 <TIM_INT_Init>
     718:	33c1                	jal	4d8 <USART1_Init>
     71a:	4601                	li	a2,0
     71c:	02f00593          	li	a1,47
     720:	3e700513          	li	a0,999
     724:	316d                	jal	3ce <PWM1_Init>
     726:	200004b7          	lui	s1,0x20000
     72a:	8201a623          	sw	zero,-2004(gp) # 20000064 <sDevice>
     72e:	82c18413          	addi	s0,gp,-2004 # 20000064 <sDevice>
     732:	301c                	lbu	a5,1(s0)
     734:	4705                	li	a4,1
     736:	c7d1                	beqz	a5,7c2 <main+0xbc>
     738:	fee79fe3          	bne	a5,a4,736 <main+0x30>
     73c:	3038                	lbu	a4,3(s0)
     73e:	fef71ae3          	bne	a4,a5,732 <main+0x2c>
     742:	2038                	lbu	a4,2(s0)
     744:	000401a3          	sb	zero,3(s0)
     748:	14070163          	beqz	a4,88a <main+0x184>
     74c:	fef713e3          	bne	a4,a5,732 <main+0x2c>
     750:	03c48713          	addi	a4,s1,60 # 2000003c <sAnalog>
     754:	236a                	lhu	a0,6(a4)
     756:	3ff00593          	li	a1,1023
     75a:	3aad                	jal	d4 <__udivsi3>
     75c:	00251793          	slli	a5,a0,0x2
     760:	953e                	add	a0,a0,a5
     762:	0542                	slli	a0,a0,0x10
     764:	200007b7          	lui	a5,0x20000
     768:	03c78713          	addi	a4,a5,60 # 2000003c <sAnalog>
     76c:	8141                	srli	a0,a0,0x10
     76e:	a74a                	sh	a0,12(a4)
     770:	02200713          	li	a4,34
     774:	08a77b63          	bgeu	a4,a0,80a <main+0x104>
     778:	03c48513          	addi	a0,s1,60
     77c:	3df9                	jal	65a <calculate_ntc_temperature>
     77e:	0542                	slli	a0,a0,0x10
     780:	200007b7          	lui	a5,0x20000
     784:	8141                	srli	a0,a0,0x10
     786:	03c78793          	addi	a5,a5,60 # 2000003c <sAnalog>
     78a:	a7ea                	sh	a0,14(a5)
     78c:	05000713          	li	a4,80
     790:	06a76d63          	bltu	a4,a0,80a <main+0x104>
     794:	03c48693          	addi	a3,s1,60
     798:	01278613          	addi	a2,a5,18
     79c:	03c48713          	addi	a4,s1,60
     7a0:	2b4e                	lhu	a1,20(a4)
     7a2:	0709                	addi	a4,a4,2
     7a4:	ab0e                	sh	a1,16(a4)
     7a6:	fec71de3          	bne	a4,a2,7a0 <main+0x9a>
     7aa:	00079923          	sh	zero,18(a5)
     7ae:	4501                	li	a0,0
     7b0:	07d1                	addi	a5,a5,20
     7b2:	2aba                	lhu	a4,18(a3)
     7b4:	0689                	addi	a3,a3,2
     7b6:	953a                	add	a0,a0,a4
     7b8:	0542                	slli	a0,a0,0x10
     7ba:	8141                	srli	a0,a0,0x10
     7bc:	fef69be3          	bne	a3,a5,7b2 <main+0xac>
     7c0:	a87d                	j	87e <main+0x178>
     7c2:	201c                	lbu	a5,0(s0)
     7c4:	4705                	li	a4,1
     7c6:	00e79463          	bne	a5,a4,7ce <main+0xc8>
     7ca:	b01c                	sb	a5,1(s0)
     7cc:	b79d                	j	732 <main+0x2c>
     7ce:	303c                	lbu	a5,3(s0)
     7d0:	f6e791e3          	bne	a5,a4,732 <main+0x2c>
     7d4:	2038                	lbu	a4,2(s0)
     7d6:	000401a3          	sb	zero,3(s0)
     7da:	cb15                	beqz	a4,80e <main+0x108>
     7dc:	f4f71be3          	bne	a4,a5,732 <main+0x2c>
     7e0:	03c48713          	addi	a4,s1,60
     7e4:	236a                	lhu	a0,6(a4)
     7e6:	3ff00593          	li	a1,1023
     7ea:	8ebff0ef          	jal	ra,d4 <__udivsi3>
     7ee:	00251793          	slli	a5,a0,0x2
     7f2:	953e                	add	a0,a0,a5
     7f4:	0542                	slli	a0,a0,0x10
     7f6:	200007b7          	lui	a5,0x20000
     7fa:	03c78713          	addi	a4,a5,60 # 2000003c <sAnalog>
     7fe:	8141                	srli	a0,a0,0x10
     800:	a74a                	sh	a0,12(a4)
     802:	02200713          	li	a4,34
     806:	02a76863          	bltu	a4,a0,836 <main+0x130>
     80a:	4789                	li	a5,2
     80c:	bf7d                	j	7ca <main+0xc4>
     80e:	40012537          	lui	a0,0x40012
     812:	4585                	li	a1,1
     814:	40050513          	addi	a0,a0,1024 # 40012400 <__global_pointer$+0x20011bc8>
     818:	2e29                	jal	b32 <ADC_SoftwareStartConvCmd>
     81a:	4509                	li	a0,2
     81c:	21d9                	jal	ce2 <DMA_GetFlagStatus>
     81e:	dd75                	beqz	a0,81a <main+0x114>
     820:	4509                	li	a0,2
     822:	21f9                	jal	cf0 <DMA_ClearFlag>
     824:	03c48793          	addi	a5,s1,60
     828:	239a                	lhu	a4,0(a5)
     82a:	a3fa                	sh	a4,6(a5)
     82c:	23ba                	lhu	a4,2(a5)
     82e:	a79a                	sh	a4,8(a5)
     830:	23da                	lhu	a4,4(a5)
     832:	a7ba                	sh	a4,10(a5)
     834:	bdfd                	j	732 <main+0x2c>
     836:	03c48513          	addi	a0,s1,60
     83a:	3505                	jal	65a <calculate_ntc_temperature>
     83c:	0542                	slli	a0,a0,0x10
     83e:	200007b7          	lui	a5,0x20000
     842:	8141                	srli	a0,a0,0x10
     844:	03c78793          	addi	a5,a5,60 # 2000003c <sAnalog>
     848:	a7ea                	sh	a0,14(a5)
     84a:	05000713          	li	a4,80
     84e:	faa76ee3          	bltu	a4,a0,80a <main+0x104>
     852:	03c48693          	addi	a3,s1,60
     856:	01278613          	addi	a2,a5,18
     85a:	03c48713          	addi	a4,s1,60
     85e:	2b4e                	lhu	a1,20(a4)
     860:	0709                	addi	a4,a4,2
     862:	ab0e                	sh	a1,16(a4)
     864:	fee61de3          	bne	a2,a4,85e <main+0x158>
     868:	00079923          	sh	zero,18(a5)
     86c:	4501                	li	a0,0
     86e:	07d1                	addi	a5,a5,20
     870:	2aba                	lhu	a4,18(a3)
     872:	0689                	addi	a3,a3,2
     874:	953a                	add	a0,a0,a4
     876:	0542                	slli	a0,a0,0x10
     878:	8141                	srli	a0,a0,0x10
     87a:	fed79be3          	bne	a5,a3,870 <main+0x16a>
     87e:	8105                	srli	a0,a0,0x1
     880:	0ff57513          	andi	a0,a0,255
     884:	3131                	jal	490 <duty_to_timVal>
     886:	3edd                	jal	47c <PWM1_SetDuty>
     888:	b56d                	j	732 <main+0x2c>
     88a:	40012537          	lui	a0,0x40012
     88e:	4585                	li	a1,1
     890:	40050513          	addi	a0,a0,1024 # 40012400 <__global_pointer$+0x20011bc8>
     894:	2c79                	jal	b32 <ADC_SoftwareStartConvCmd>
     896:	4509                	li	a0,2
     898:	21a9                	jal	ce2 <DMA_GetFlagStatus>
     89a:	dd75                	beqz	a0,896 <main+0x190>
     89c:	b751                	j	820 <main+0x11a>

0000089e <SystemInit>:
     89e:	803ff2ef          	jal	t0,a0 <__riscv_save_0>
     8a2:	40021437          	lui	s0,0x40021
     8a6:	401c                	lw	a5,0(s0)
     8a8:	f8ff0737          	lui	a4,0xf8ff0
     8ac:	4541                	li	a0,16
     8ae:	0017e793          	ori	a5,a5,1
     8b2:	c01c                	sw	a5,0(s0)
     8b4:	405c                	lw	a5,4(s0)
     8b6:	8ff9                	and	a5,a5,a4
     8b8:	c05c                	sw	a5,4(s0)
     8ba:	401c                	lw	a5,0(s0)
     8bc:	fef70737          	lui	a4,0xfef70
     8c0:	177d                	addi	a4,a4,-1
     8c2:	8ff9                	and	a5,a5,a4
     8c4:	c01c                	sw	a5,0(s0)
     8c6:	401c                	lw	a5,0(s0)
     8c8:	fffc0737          	lui	a4,0xfffc0
     8cc:	177d                	addi	a4,a4,-1
     8ce:	8ff9                	and	a5,a5,a4
     8d0:	c01c                	sw	a5,0(s0)
     8d2:	405c                	lw	a5,4(s0)
     8d4:	7741                	lui	a4,0xffff0
     8d6:	177d                	addi	a4,a4,-1
     8d8:	8ff9                	and	a5,a5,a4
     8da:	c05c                	sw	a5,4(s0)
     8dc:	009f07b7          	lui	a5,0x9f0
     8e0:	c41c                	sw	a5,8(s0)
     8e2:	2339                	jal	df0 <RCC_AdjustHSICalibrationValue>
     8e4:	4c1c                	lw	a5,24(s0)
     8e6:	0207e793          	ori	a5,a5,32
     8ea:	cc1c                	sw	a5,24(s0)
     8ec:	400117b7          	lui	a5,0x40011
     8f0:	4007a703          	lw	a4,1024(a5) # 40011400 <__global_pointer$+0x20010bc8>
     8f4:	40078693          	addi	a3,a5,1024
     8f8:	f0f77713          	andi	a4,a4,-241
     8fc:	40e7a023          	sw	a4,1024(a5)
     900:	4007a703          	lw	a4,1024(a5)
     904:	08076713          	ori	a4,a4,128
     908:	40e7a023          	sw	a4,1024(a5)
     90c:	4789                	li	a5,2
     90e:	ca9c                	sw	a5,16(a3)
     910:	1ffff7b7          	lui	a5,0x1ffff
     914:	7d47c503          	lbu	a0,2004(a5) # 1ffff7d4 <_data_lma+0x1fffe5ac>
     918:	0ff00793          	li	a5,255
     91c:	00f50463          	beq	a0,a5,924 <SystemInit+0x86>
     920:	897d                	andi	a0,a0,31
     922:	21f9                	jal	df0 <RCC_AdjustHSICalibrationValue>
     924:	400227b7          	lui	a5,0x40022
     928:	4398                	lw	a4,0(a5)
     92a:	76c1                	lui	a3,0xffff0
     92c:	16fd                	addi	a3,a3,-1
     92e:	9b71                	andi	a4,a4,-4
     930:	c398                	sw	a4,0(a5)
     932:	4398                	lw	a4,0(a5)
     934:	00176713          	ori	a4,a4,1
     938:	c398                	sw	a4,0(a5)
     93a:	400217b7          	lui	a5,0x40021
     93e:	43d8                	lw	a4,4(a5)
     940:	c3d8                	sw	a4,4(a5)
     942:	43d8                	lw	a4,4(a5)
     944:	8f75                	and	a4,a4,a3
     946:	c3d8                	sw	a4,4(a5)
     948:	43d8                	lw	a4,4(a5)
     94a:	010006b7          	lui	a3,0x1000
     94e:	c3d8                	sw	a4,4(a5)
     950:	4398                	lw	a4,0(a5)
     952:	8f55                	or	a4,a4,a3
     954:	c398                	sw	a4,0(a5)
     956:	4398                	lw	a4,0(a5)
     958:	00671693          	slli	a3,a4,0x6
     95c:	fe06dde3          	bgez	a3,956 <SystemInit+0xb8>
     960:	43d8                	lw	a4,4(a5)
     962:	400216b7          	lui	a3,0x40021
     966:	9b71                	andi	a4,a4,-4
     968:	c3d8                	sw	a4,4(a5)
     96a:	43d8                	lw	a4,4(a5)
     96c:	00276713          	ori	a4,a4,2
     970:	c3d8                	sw	a4,4(a5)
     972:	4721                	li	a4,8
     974:	42dc                	lw	a5,4(a3)
     976:	8bb1                	andi	a5,a5,12
     978:	fee79ee3          	bne	a5,a4,974 <SystemInit+0xd6>
     97c:	f2eff06f          	j	aa <__riscv_restore_0>

00000980 <SystemCoreClockUpdate>:
     980:	f20ff2ef          	jal	t0,a0 <__riscv_save_0>
     984:	40021737          	lui	a4,0x40021
     988:	435c                	lw	a5,4(a4)
     98a:	20000437          	lui	s0,0x20000
     98e:	4691                	li	a3,4
     990:	8bb1                	andi	a5,a5,12
     992:	01040413          	addi	s0,s0,16 # 20000010 <SystemCoreClock>
     996:	00d78563          	beq	a5,a3,9a0 <SystemCoreClockUpdate+0x20>
     99a:	46a1                	li	a3,8
     99c:	04d78263          	beq	a5,a3,9e0 <SystemCoreClockUpdate+0x60>
     9a0:	016e37b7          	lui	a5,0x16e3
     9a4:	60078793          	addi	a5,a5,1536 # 16e3600 <_data_lma+0x16e23d8>
     9a8:	c01c                	sw	a5,0(s0)
     9aa:	400216b7          	lui	a3,0x40021
     9ae:	42dc                	lw	a5,4(a3)
     9b0:	4008                	lw	a0,0(s0)
     9b2:	8391                	srli	a5,a5,0x4
     9b4:	00f7f713          	andi	a4,a5,15
     9b8:	200007b7          	lui	a5,0x20000
     9bc:	00078793          	mv	a5,a5
     9c0:	97ba                	add	a5,a5,a4
     9c2:	238c                	lbu	a1,0(a5)
     9c4:	42dc                	lw	a5,4(a3)
     9c6:	0ff5f593          	andi	a1,a1,255
     9ca:	0807f793          	andi	a5,a5,128
     9ce:	00b55733          	srl	a4,a0,a1
     9d2:	e781                	bnez	a5,9da <SystemCoreClockUpdate+0x5a>
     9d4:	f00ff0ef          	jal	ra,d4 <__udivsi3>
     9d8:	872a                	mv	a4,a0
     9da:	c018                	sw	a4,0(s0)
     9dc:	eceff06f          	j	aa <__riscv_restore_0>
     9e0:	435c                	lw	a5,4(a4)
     9e2:	02dc77b7          	lui	a5,0x2dc7
     9e6:	c0078793          	addi	a5,a5,-1024 # 2dc6c00 <_data_lma+0x2dc59d8>
     9ea:	bf7d                	j	9a8 <SystemCoreClockUpdate+0x28>

000009ec <ADC1_IRQHandler>:
     9ec:	a001                	j	9ec <ADC1_IRQHandler>

000009ee <handle_reset>:
     9ee:	20000197          	auipc	gp,0x20000
     9f2:	e4a18193          	addi	gp,gp,-438 # 20000838 <__global_pointer$>
     9f6:	fc818113          	addi	sp,gp,-56 # 20000800 <_eusrstack>
     9fa:	0a000513          	li	a0,160
     9fe:	1ffff597          	auipc	a1,0x1ffff
     a02:	60258593          	addi	a1,a1,1538 # 20000000 <_highcode_vma_end>
     a06:	1ffff617          	auipc	a2,0x1ffff
     a0a:	5fa60613          	addi	a2,a2,1530 # 20000000 <_highcode_vma_end>
     a0e:	00c5fa63          	bgeu	a1,a2,a22 <handle_reset+0x34>
     a12:	00052283          	lw	t0,0(a0)
     a16:	0055a023          	sw	t0,0(a1)
     a1a:	0511                	addi	a0,a0,4
     a1c:	0591                	addi	a1,a1,4
     a1e:	fec5eae3          	bltu	a1,a2,a12 <handle_reset+0x24>
     a22:	00001517          	auipc	a0,0x1
     a26:	80650513          	addi	a0,a0,-2042 # 1228 <_data_lma>
     a2a:	1ffff597          	auipc	a1,0x1ffff
     a2e:	5d658593          	addi	a1,a1,1494 # 20000000 <_highcode_vma_end>
     a32:	1ffff617          	auipc	a2,0x1ffff
     a36:	60660613          	addi	a2,a2,1542 # 20000038 <_edata>
     a3a:	00c5fa63          	bgeu	a1,a2,a4e <handle_reset+0x60>
     a3e:	00052283          	lw	t0,0(a0)
     a42:	0055a023          	sw	t0,0(a1)
     a46:	0511                	addi	a0,a0,4
     a48:	0591                	addi	a1,a1,4
     a4a:	fec5eae3          	bltu	a1,a2,a3e <handle_reset+0x50>
     a4e:	1ffff517          	auipc	a0,0x1ffff
     a52:	5ea50513          	addi	a0,a0,1514 # 20000038 <_edata>
     a56:	83c18593          	addi	a1,gp,-1988 # 20000074 <_ebss>
     a5a:	00b57763          	bgeu	a0,a1,a68 <handle_reset+0x7a>
     a5e:	00052023          	sw	zero,0(a0)
     a62:	0511                	addi	a0,a0,4
     a64:	feb56de3          	bltu	a0,a1,a5e <handle_reset+0x70>
     a68:	000022b7          	lui	t0,0x2
     a6c:	88028293          	addi	t0,t0,-1920 # 1880 <_data_lma+0x658>
     a70:	30029073          	csrw	mstatus,t0
     a74:	428d                	li	t0,3
     a76:	80429073          	csrw	0x804,t0
     a7a:	fffff297          	auipc	t0,0xfffff
     a7e:	58628293          	addi	t0,t0,1414 # 0 <_sinit>
     a82:	0032e293          	ori	t0,t0,3
     a86:	30529073          	csrw	mtvec,t0
     a8a:	e15ff0ef          	jal	ra,89e <SystemInit>
     a8e:	00000297          	auipc	t0,0x0
     a92:	c7828293          	addi	t0,t0,-904 # 706 <main>
     a96:	34129073          	csrw	mepc,t0
     a9a:	30200073          	mret

00000a9e <ADC_Init>:
     a9e:	415c                	lw	a5,4(a0)
     aa0:	fff10737          	lui	a4,0xfff10
     aa4:	eff70713          	addi	a4,a4,-257 # fff0feff <__global_pointer$+0xdff0f6c7>
     aa8:	8f7d                	and	a4,a4,a5
     aaa:	41dc                	lw	a5,4(a1)
     aac:	4194                	lw	a3,0(a1)
     aae:	07a2                	slli	a5,a5,0x8
     ab0:	8fd5                	or	a5,a5,a3
     ab2:	8fd9                	or	a5,a5,a4
     ab4:	c15c                	sw	a5,4(a0)
     ab6:	451c                	lw	a5,8(a0)
     ab8:	fff1f737          	lui	a4,0xfff1f
     abc:	7fd70713          	addi	a4,a4,2045 # fff1f7fd <__global_pointer$+0xdff1efc5>
     ac0:	45d4                	lw	a3,12(a1)
     ac2:	8f7d                	and	a4,a4,a5
     ac4:	499c                	lw	a5,16(a1)
     ac6:	8fd5                	or	a5,a5,a3
     ac8:	4594                	lw	a3,8(a1)
     aca:	0686                	slli	a3,a3,0x1
     acc:	8fd5                	or	a5,a5,a3
     ace:	8fd9                	or	a5,a5,a4
     ad0:	c51c                	sw	a5,8(a0)
     ad2:	555c                	lw	a5,44(a0)
     ad4:	ff100737          	lui	a4,0xff100
     ad8:	177d                	addi	a4,a4,-1
     ada:	8f7d                	and	a4,a4,a5
     adc:	29dc                	lbu	a5,20(a1)
     ade:	17fd                	addi	a5,a5,-1
     ae0:	0ff7f793          	andi	a5,a5,255
     ae4:	07d2                	slli	a5,a5,0x14
     ae6:	8fd9                	or	a5,a5,a4
     ae8:	d55c                	sw	a5,44(a0)
     aea:	8082                	ret

00000aec <ADC_Cmd>:
     aec:	451c                	lw	a5,8(a0)
     aee:	c589                	beqz	a1,af8 <ADC_Cmd+0xc>
     af0:	0017e793          	ori	a5,a5,1
     af4:	c51c                	sw	a5,8(a0)
     af6:	8082                	ret
     af8:	9bf9                	andi	a5,a5,-2
     afa:	bfed                	j	af4 <ADC_Cmd+0x8>

00000afc <ADC_DMACmd>:
     afc:	451c                	lw	a5,8(a0)
     afe:	c589                	beqz	a1,b08 <ADC_DMACmd+0xc>
     b00:	1007e793          	ori	a5,a5,256
     b04:	c51c                	sw	a5,8(a0)
     b06:	8082                	ret
     b08:	eff7f793          	andi	a5,a5,-257
     b0c:	bfe5                	j	b04 <ADC_DMACmd+0x8>

00000b0e <ADC_ResetCalibration>:
     b0e:	451c                	lw	a5,8(a0)
     b10:	0087e793          	ori	a5,a5,8
     b14:	c51c                	sw	a5,8(a0)
     b16:	8082                	ret

00000b18 <ADC_GetResetCalibrationStatus>:
     b18:	4508                	lw	a0,8(a0)
     b1a:	810d                	srli	a0,a0,0x3
     b1c:	8905                	andi	a0,a0,1
     b1e:	8082                	ret

00000b20 <ADC_StartCalibration>:
     b20:	451c                	lw	a5,8(a0)
     b22:	0047e793          	ori	a5,a5,4
     b26:	c51c                	sw	a5,8(a0)
     b28:	8082                	ret

00000b2a <ADC_GetCalibrationStatus>:
     b2a:	4508                	lw	a0,8(a0)
     b2c:	8109                	srli	a0,a0,0x2
     b2e:	8905                	andi	a0,a0,1
     b30:	8082                	ret

00000b32 <ADC_SoftwareStartConvCmd>:
     b32:	451c                	lw	a5,8(a0)
     b34:	c591                	beqz	a1,b40 <ADC_SoftwareStartConvCmd+0xe>
     b36:	00500737          	lui	a4,0x500
     b3a:	8fd9                	or	a5,a5,a4
     b3c:	c51c                	sw	a5,8(a0)
     b3e:	8082                	ret
     b40:	ffb00737          	lui	a4,0xffb00
     b44:	177d                	addi	a4,a4,-1
     b46:	8ff9                	and	a5,a5,a4
     b48:	bfd5                	j	b3c <ADC_SoftwareStartConvCmd+0xa>

00000b4a <ADC_RegularChannelConfig>:
     b4a:	47a5                	li	a5,9
     b4c:	04b7f863          	bgeu	a5,a1,b9c <ADC_RegularChannelConfig+0x52>
     b50:	ff658713          	addi	a4,a1,-10
     b54:	00171793          	slli	a5,a4,0x1
     b58:	00c52283          	lw	t0,12(a0)
     b5c:	97ba                	add	a5,a5,a4
     b5e:	431d                	li	t1,7
     b60:	00f31333          	sll	t1,t1,a5
     b64:	fff34313          	not	t1,t1
     b68:	00537333          	and	t1,t1,t0
     b6c:	00f697b3          	sll	a5,a3,a5
     b70:	0067e7b3          	or	a5,a5,t1
     b74:	c55c                	sw	a5,12(a0)
     b76:	4799                	li	a5,6
     b78:	04c7e363          	bltu	a5,a2,bbe <ADC_RegularChannelConfig+0x74>
     b7c:	167d                	addi	a2,a2,-1
     b7e:	00261793          	slli	a5,a2,0x2
     b82:	963e                	add	a2,a2,a5
     b84:	5958                	lw	a4,52(a0)
     b86:	47fd                	li	a5,31
     b88:	00c797b3          	sll	a5,a5,a2
     b8c:	fff7c793          	not	a5,a5
     b90:	8ff9                	and	a5,a5,a4
     b92:	00c595b3          	sll	a1,a1,a2
     b96:	8ddd                	or	a1,a1,a5
     b98:	d94c                	sw	a1,52(a0)
     b9a:	8082                	ret
     b9c:	00159793          	slli	a5,a1,0x1
     ba0:	01052303          	lw	t1,16(a0)
     ba4:	97ae                	add	a5,a5,a1
     ba6:	471d                	li	a4,7
     ba8:	00f71733          	sll	a4,a4,a5
     bac:	fff74713          	not	a4,a4
     bb0:	00677733          	and	a4,a4,t1
     bb4:	00f697b3          	sll	a5,a3,a5
     bb8:	8f5d                	or	a4,a4,a5
     bba:	c918                	sw	a4,16(a0)
     bbc:	bf6d                	j	b76 <ADC_RegularChannelConfig+0x2c>
     bbe:	47b1                	li	a5,12
     bc0:	02c7e263          	bltu	a5,a2,be4 <ADC_RegularChannelConfig+0x9a>
     bc4:	1665                	addi	a2,a2,-7
     bc6:	00261793          	slli	a5,a2,0x2
     bca:	963e                	add	a2,a2,a5
     bcc:	5918                	lw	a4,48(a0)
     bce:	47fd                	li	a5,31
     bd0:	00c797b3          	sll	a5,a5,a2
     bd4:	fff7c793          	not	a5,a5
     bd8:	8ff9                	and	a5,a5,a4
     bda:	00c595b3          	sll	a1,a1,a2
     bde:	8ddd                	or	a1,a1,a5
     be0:	d90c                	sw	a1,48(a0)
     be2:	8082                	ret
     be4:	164d                	addi	a2,a2,-13
     be6:	00261713          	slli	a4,a2,0x2
     bea:	5554                	lw	a3,44(a0)
     bec:	963a                	add	a2,a2,a4
     bee:	47fd                	li	a5,31
     bf0:	00c797b3          	sll	a5,a5,a2
     bf4:	fff7c793          	not	a5,a5
     bf8:	8ff5                	and	a5,a5,a3
     bfa:	00c595b3          	sll	a1,a1,a2
     bfe:	8ddd                	or	a1,a1,a5
     c00:	d54c                	sw	a1,44(a0)
     c02:	8082                	ret

00000c04 <DMA_DeInit>:
     c04:	411c                	lw	a5,0(a0)
     c06:	6741                	lui	a4,0x10
     c08:	1779                	addi	a4,a4,-2
     c0a:	8ff9                	and	a5,a5,a4
     c0c:	c11c                	sw	a5,0(a0)
     c0e:	00052023          	sw	zero,0(a0)
     c12:	00052223          	sw	zero,4(a0)
     c16:	00052423          	sw	zero,8(a0)
     c1a:	400207b7          	lui	a5,0x40020
     c1e:	00052623          	sw	zero,12(a0)
     c22:	00878713          	addi	a4,a5,8 # 40020008 <__global_pointer$+0x2001f7d0>
     c26:	00e51763          	bne	a0,a4,c34 <DMA_DeInit+0x30>
     c2a:	43d8                	lw	a4,4(a5)
     c2c:	00f76713          	ori	a4,a4,15
     c30:	c3d8                	sw	a4,4(a5)
     c32:	8082                	ret
     c34:	01c78713          	addi	a4,a5,28
     c38:	00e51663          	bne	a0,a4,c44 <DMA_DeInit+0x40>
     c3c:	43d8                	lw	a4,4(a5)
     c3e:	0f076713          	ori	a4,a4,240
     c42:	b7fd                	j	c30 <DMA_DeInit+0x2c>
     c44:	03078713          	addi	a4,a5,48
     c48:	00e51863          	bne	a0,a4,c58 <DMA_DeInit+0x54>
     c4c:	43d8                	lw	a4,4(a5)
     c4e:	6685                	lui	a3,0x1
     c50:	f0068693          	addi	a3,a3,-256 # f00 <TIM_TimeBaseInit+0x2>
     c54:	8f55                	or	a4,a4,a3
     c56:	bfe9                	j	c30 <DMA_DeInit+0x2c>
     c58:	04478713          	addi	a4,a5,68
     c5c:	00e51563          	bne	a0,a4,c66 <DMA_DeInit+0x62>
     c60:	43d8                	lw	a4,4(a5)
     c62:	66bd                	lui	a3,0xf
     c64:	bfc5                	j	c54 <DMA_DeInit+0x50>
     c66:	05878713          	addi	a4,a5,88
     c6a:	00e51663          	bne	a0,a4,c76 <DMA_DeInit+0x72>
     c6e:	43d8                	lw	a4,4(a5)
     c70:	000f06b7          	lui	a3,0xf0
     c74:	b7c5                	j	c54 <DMA_DeInit+0x50>
     c76:	06c78713          	addi	a4,a5,108
     c7a:	00e51663          	bne	a0,a4,c86 <DMA_DeInit+0x82>
     c7e:	43d8                	lw	a4,4(a5)
     c80:	00f006b7          	lui	a3,0xf00
     c84:	bfc1                	j	c54 <DMA_DeInit+0x50>
     c86:	08078713          	addi	a4,a5,128
     c8a:	fae514e3          	bne	a0,a4,c32 <DMA_DeInit+0x2e>
     c8e:	43d8                	lw	a4,4(a5)
     c90:	0f0006b7          	lui	a3,0xf000
     c94:	b7c1                	j	c54 <DMA_DeInit+0x50>

00000c96 <DMA_Init>:
     c96:	4118                	lw	a4,0(a0)
     c98:	77e1                	lui	a5,0xffff8
     c9a:	07bd                	addi	a5,a5,15
     c9c:	5194                	lw	a3,32(a1)
     c9e:	8f7d                	and	a4,a4,a5
     ca0:	459c                	lw	a5,8(a1)
     ca2:	8fd5                	or	a5,a5,a3
     ca4:	4994                	lw	a3,16(a1)
     ca6:	8fd5                	or	a5,a5,a3
     ca8:	49d4                	lw	a3,20(a1)
     caa:	8fd5                	or	a5,a5,a3
     cac:	4d94                	lw	a3,24(a1)
     cae:	8fd5                	or	a5,a5,a3
     cb0:	4dd4                	lw	a3,28(a1)
     cb2:	8fd5                	or	a5,a5,a3
     cb4:	51d4                	lw	a3,36(a1)
     cb6:	8fd5                	or	a5,a5,a3
     cb8:	5594                	lw	a3,40(a1)
     cba:	8fd5                	or	a5,a5,a3
     cbc:	8fd9                	or	a5,a5,a4
     cbe:	c11c                	sw	a5,0(a0)
     cc0:	45dc                	lw	a5,12(a1)
     cc2:	c15c                	sw	a5,4(a0)
     cc4:	419c                	lw	a5,0(a1)
     cc6:	c51c                	sw	a5,8(a0)
     cc8:	41dc                	lw	a5,4(a1)
     cca:	c55c                	sw	a5,12(a0)
     ccc:	8082                	ret

00000cce <DMA_Cmd>:
     cce:	411c                	lw	a5,0(a0)
     cd0:	c589                	beqz	a1,cda <DMA_Cmd+0xc>
     cd2:	0017e793          	ori	a5,a5,1
     cd6:	c11c                	sw	a5,0(a0)
     cd8:	8082                	ret
     cda:	6741                	lui	a4,0x10
     cdc:	1779                	addi	a4,a4,-2
     cde:	8ff9                	and	a5,a5,a4
     ce0:	bfdd                	j	cd6 <DMA_Cmd+0x8>

00000ce2 <DMA_GetFlagStatus>:
     ce2:	400207b7          	lui	a5,0x40020
     ce6:	439c                	lw	a5,0(a5)
     ce8:	8d7d                	and	a0,a0,a5
     cea:	00a03533          	snez	a0,a0
     cee:	8082                	ret

00000cf0 <DMA_ClearFlag>:
     cf0:	400207b7          	lui	a5,0x40020
     cf4:	c3c8                	sw	a0,4(a5)
     cf6:	8082                	ret

00000cf8 <GPIO_Init>:
     cf8:	4594                	lw	a3,8(a1)
     cfa:	0106f793          	andi	a5,a3,16
     cfe:	00f6f293          	andi	t0,a3,15
     d02:	c781                	beqz	a5,d0a <GPIO_Init+0x12>
     d04:	41dc                	lw	a5,4(a1)
     d06:	00f2e2b3          	or	t0,t0,a5
     d0a:	0005d383          	lhu	t2,0(a1)
     d0e:	0ff3f793          	andi	a5,t2,255
     d12:	c3a5                	beqz	a5,d72 <GPIO_Init+0x7a>
     d14:	00052303          	lw	t1,0(a0)
     d18:	1161                	addi	sp,sp,-8
     d1a:	c222                	sw	s0,4(sp)
     d1c:	c026                	sw	s1,0(sp)
     d1e:	4781                	li	a5,0
     d20:	02800413          	li	s0,40
     d24:	04800493          	li	s1,72
     d28:	4705                	li	a4,1
     d2a:	00f71633          	sll	a2,a4,a5
     d2e:	00c3f733          	and	a4,t2,a2
     d32:	02e61263          	bne	a2,a4,d56 <GPIO_Init+0x5e>
     d36:	00279593          	slli	a1,a5,0x2
     d3a:	473d                	li	a4,15
     d3c:	00b71733          	sll	a4,a4,a1
     d40:	fff74713          	not	a4,a4
     d44:	00677333          	and	t1,a4,t1
     d48:	00b295b3          	sll	a1,t0,a1
     d4c:	0065e333          	or	t1,a1,t1
     d50:	00869d63          	bne	a3,s0,d6a <GPIO_Init+0x72>
     d54:	c950                	sw	a2,20(a0)
     d56:	0785                	addi	a5,a5,1
     d58:	4721                	li	a4,8
     d5a:	fce797e3          	bne	a5,a4,d28 <GPIO_Init+0x30>
     d5e:	4412                	lw	s0,4(sp)
     d60:	00652023          	sw	t1,0(a0)
     d64:	4482                	lw	s1,0(sp)
     d66:	0121                	addi	sp,sp,8
     d68:	8082                	ret
     d6a:	fe9696e3          	bne	a3,s1,d56 <GPIO_Init+0x5e>
     d6e:	c910                	sw	a2,16(a0)
     d70:	b7dd                	j	d56 <GPIO_Init+0x5e>
     d72:	8082                	ret

00000d74 <GPIO_ReadOutputDataBit>:
     d74:	4548                	lw	a0,12(a0)
     d76:	8d6d                	and	a0,a0,a1
     d78:	00a03533          	snez	a0,a0
     d7c:	8082                	ret

00000d7e <GPIO_WriteBit>:
     d7e:	c219                	beqz	a2,d84 <GPIO_WriteBit+0x6>
     d80:	c90c                	sw	a1,16(a0)
     d82:	8082                	ret
     d84:	c94c                	sw	a1,20(a0)
     d86:	8082                	ret

00000d88 <NVIC_PriorityGroupConfig>:
     d88:	82a1aa23          	sw	a0,-1996(gp) # 2000006c <NVIC_Priority_Group>
     d8c:	8082                	ret

00000d8e <NVIC_Init>:
     d8e:	8341a683          	lw	a3,-1996(gp) # 2000006c <NVIC_Priority_Group>
     d92:	4785                	li	a5,1
     d94:	2118                	lbu	a4,0(a0)
     d96:	02f69063          	bne	a3,a5,db6 <NVIC_Init+0x28>
     d9a:	311c                	lbu	a5,1(a0)
     d9c:	02d79c63          	bne	a5,a3,dd4 <NVIC_Init+0x46>
     da0:	213c                	lbu	a5,2(a0)
     da2:	079a                	slli	a5,a5,0x6
     da4:	f807e793          	ori	a5,a5,-128
     da8:	e000e6b7          	lui	a3,0xe000e
     dac:	0ff7f793          	andi	a5,a5,255
     db0:	96ba                	add	a3,a3,a4
     db2:	40f68023          	sb	a5,1024(a3) # e000e400 <__global_pointer$+0xc000dbc8>
     db6:	4685                	li	a3,1
     db8:	00575793          	srli	a5,a4,0x5
     dbc:	00e69733          	sll	a4,a3,a4
     dc0:	4154                	lw	a3,4(a0)
     dc2:	ce89                	beqz	a3,ddc <NVIC_Init+0x4e>
     dc4:	04078793          	addi	a5,a5,64 # 40020040 <__global_pointer$+0x2001f808>
     dc8:	078a                	slli	a5,a5,0x2
     dca:	e000e6b7          	lui	a3,0xe000e
     dce:	97b6                	add	a5,a5,a3
     dd0:	c398                	sw	a4,0(a5)
     dd2:	8082                	ret
     dd4:	f3ed                	bnez	a5,db6 <NVIC_Init+0x28>
     dd6:	213c                	lbu	a5,2(a0)
     dd8:	079a                	slli	a5,a5,0x6
     dda:	b7f9                	j	da8 <NVIC_Init+0x1a>
     ddc:	06078793          	addi	a5,a5,96
     de0:	e000e6b7          	lui	a3,0xe000e
     de4:	078a                	slli	a5,a5,0x2
     de6:	97b6                	add	a5,a5,a3
     de8:	c398                	sw	a4,0(a5)
     dea:	0000100f          	fence.i
     dee:	8082                	ret

00000df0 <RCC_AdjustHSICalibrationValue>:
     df0:	40021737          	lui	a4,0x40021
     df4:	431c                	lw	a5,0(a4)
     df6:	050e                	slli	a0,a0,0x3
     df8:	f077f793          	andi	a5,a5,-249
     dfc:	8d5d                	or	a0,a0,a5
     dfe:	c308                	sw	a0,0(a4)
     e00:	8082                	ret

00000e02 <RCC_GetClocksFreq>:
     e02:	a9eff2ef          	jal	t0,a0 <__riscv_save_0>
     e06:	40021737          	lui	a4,0x40021
     e0a:	435c                	lw	a5,4(a4)
     e0c:	4691                	li	a3,4
     e0e:	842a                	mv	s0,a0
     e10:	8bb1                	andi	a5,a5,12
     e12:	00d78563          	beq	a5,a3,e1c <RCC_GetClocksFreq+0x1a>
     e16:	46a1                	li	a3,8
     e18:	08d78063          	beq	a5,a3,e98 <RCC_GetClocksFreq+0x96>
     e1c:	016e37b7          	lui	a5,0x16e3
     e20:	60078793          	addi	a5,a5,1536 # 16e3600 <_data_lma+0x16e23d8>
     e24:	c01c                	sw	a5,0(s0)
     e26:	400216b7          	lui	a3,0x40021
     e2a:	42dc                	lw	a5,4(a3)
     e2c:	8391                	srli	a5,a5,0x4
     e2e:	00f7f713          	andi	a4,a5,15
     e32:	200007b7          	lui	a5,0x20000
     e36:	02878793          	addi	a5,a5,40 # 20000028 <APBAHBPrescTable>
     e3a:	97ba                	add	a5,a5,a4
     e3c:	238c                	lbu	a1,0(a5)
     e3e:	42dc                	lw	a5,4(a3)
     e40:	4018                	lw	a4,0(s0)
     e42:	0ff5f593          	andi	a1,a1,255
     e46:	0807f793          	andi	a5,a5,128
     e4a:	00b75533          	srl	a0,a4,a1
     e4e:	e781                	bnez	a5,e56 <RCC_GetClocksFreq+0x54>
     e50:	853a                	mv	a0,a4
     e52:	a82ff0ef          	jal	ra,d4 <__udivsi3>
     e56:	c048                	sw	a0,4(s0)
     e58:	c408                	sw	a0,8(s0)
     e5a:	c448                	sw	a0,12(s0)
     e5c:	400217b7          	lui	a5,0x40021
     e60:	43dc                	lw	a5,4(a5)
     e62:	468d                	li	a3,3
     e64:	83ad                	srli	a5,a5,0xb
     e66:	8bfd                	andi	a5,a5,31
     e68:	0037d713          	srli	a4,a5,0x3
     e6c:	078a                	slli	a5,a5,0x2
     e6e:	8bf1                	andi	a5,a5,28
     e70:	8fd9                	or	a5,a5,a4
     e72:	0137f613          	andi	a2,a5,19
     e76:	0037f713          	andi	a4,a5,3
     e7a:	00c6f463          	bgeu	a3,a2,e82 <RCC_GetClocksFreq+0x80>
     e7e:	ff478713          	addi	a4,a5,-12 # 40020ff4 <__global_pointer$+0x200207bc>
     e82:	200007b7          	lui	a5,0x20000
     e86:	01478793          	addi	a5,a5,20 # 20000014 <ADCPrescTable>
     e8a:	97ba                	add	a5,a5,a4
     e8c:	238c                	lbu	a1,0(a5)
     e8e:	a46ff0ef          	jal	ra,d4 <__udivsi3>
     e92:	c808                	sw	a0,16(s0)
     e94:	a16ff06f          	j	aa <__riscv_restore_0>
     e98:	435c                	lw	a5,4(a4)
     e9a:	02dc77b7          	lui	a5,0x2dc7
     e9e:	c0078793          	addi	a5,a5,-1024 # 2dc6c00 <_data_lma+0x2dc59d8>
     ea2:	b749                	j	e24 <RCC_GetClocksFreq+0x22>

00000ea4 <RCC_AHBPeriphClockCmd>:
     ea4:	c599                	beqz	a1,eb2 <RCC_AHBPeriphClockCmd+0xe>
     ea6:	40021737          	lui	a4,0x40021
     eaa:	4b5c                	lw	a5,20(a4)
     eac:	8d5d                	or	a0,a0,a5
     eae:	cb48                	sw	a0,20(a4)
     eb0:	8082                	ret
     eb2:	400217b7          	lui	a5,0x40021
     eb6:	4bd8                	lw	a4,20(a5)
     eb8:	fff54513          	not	a0,a0
     ebc:	8d79                	and	a0,a0,a4
     ebe:	cbc8                	sw	a0,20(a5)
     ec0:	8082                	ret

00000ec2 <RCC_APB2PeriphClockCmd>:
     ec2:	c599                	beqz	a1,ed0 <RCC_APB2PeriphClockCmd+0xe>
     ec4:	40021737          	lui	a4,0x40021
     ec8:	4f1c                	lw	a5,24(a4)
     eca:	8d5d                	or	a0,a0,a5
     ecc:	cf08                	sw	a0,24(a4)
     ece:	8082                	ret
     ed0:	400217b7          	lui	a5,0x40021
     ed4:	4f98                	lw	a4,24(a5)
     ed6:	fff54513          	not	a0,a0
     eda:	8d79                	and	a0,a0,a4
     edc:	cf88                	sw	a0,24(a5)
     ede:	8082                	ret

00000ee0 <RCC_APB1PeriphClockCmd>:
     ee0:	c599                	beqz	a1,eee <RCC_APB1PeriphClockCmd+0xe>
     ee2:	40021737          	lui	a4,0x40021
     ee6:	4f5c                	lw	a5,28(a4)
     ee8:	8d5d                	or	a0,a0,a5
     eea:	cf48                	sw	a0,28(a4)
     eec:	8082                	ret
     eee:	400217b7          	lui	a5,0x40021
     ef2:	4fd8                	lw	a4,28(a5)
     ef4:	fff54513          	not	a0,a0
     ef8:	8d79                	and	a0,a0,a4
     efa:	cfc8                	sw	a0,28(a5)
     efc:	8082                	ret

00000efe <TIM_TimeBaseInit>:
     efe:	211e                	lhu	a5,0(a0)
     f00:	40013737          	lui	a4,0x40013
     f04:	c0070713          	addi	a4,a4,-1024 # 40012c00 <__global_pointer$+0x200123c8>
     f08:	07c2                	slli	a5,a5,0x10
     f0a:	83c1                	srli	a5,a5,0x10
     f0c:	00e50663          	beq	a0,a4,f18 <TIM_TimeBaseInit+0x1a>
     f10:	40000737          	lui	a4,0x40000
     f14:	00e51663          	bne	a0,a4,f20 <TIM_TimeBaseInit+0x22>
     f18:	21ba                	lhu	a4,2(a1)
     f1a:	f8f7f793          	andi	a5,a5,-113
     f1e:	8fd9                	or	a5,a5,a4
     f20:	21fa                	lhu	a4,6(a1)
     f22:	cff7f793          	andi	a5,a5,-769
     f26:	07c2                	slli	a5,a5,0x10
     f28:	83c1                	srli	a5,a5,0x10
     f2a:	8fd9                	or	a5,a5,a4
     f2c:	a11e                	sh	a5,0(a0)
     f2e:	21de                	lhu	a5,4(a1)
     f30:	b55e                	sh	a5,44(a0)
     f32:	219e                	lhu	a5,0(a1)
     f34:	b51e                	sh	a5,40(a0)
     f36:	400137b7          	lui	a5,0x40013
     f3a:	c0078793          	addi	a5,a5,-1024 # 40012c00 <__global_pointer$+0x200123c8>
     f3e:	00f51463          	bne	a0,a5,f46 <TIM_TimeBaseInit+0x48>
     f42:	259c                	lbu	a5,8(a1)
     f44:	b91e                	sh	a5,48(a0)
     f46:	4785                	li	a5,1
     f48:	a95e                	sh	a5,20(a0)
     f4a:	8082                	ret

00000f4c <TIM_OC1Init>:
     f4c:	311e                	lhu	a5,32(a0)
     f4e:	2192                	lhu	a2,0(a1)
     f50:	0025d303          	lhu	t1,2(a1)
     f54:	07c2                	slli	a5,a5,0x10
     f56:	83c1                	srli	a5,a5,0x10
     f58:	9bf9                	andi	a5,a5,-2
     f5a:	07c2                	slli	a5,a5,0x10
     f5c:	83c1                	srli	a5,a5,0x10
     f5e:	b11e                	sh	a5,32(a0)
     f60:	311e                	lhu	a5,32(a0)
     f62:	2156                	lhu	a3,4(a0)
     f64:	2d1a                	lhu	a4,24(a0)
     f66:	07c2                	slli	a5,a5,0x10
     f68:	83c1                	srli	a5,a5,0x10
     f6a:	0742                	slli	a4,a4,0x10
     f6c:	8341                	srli	a4,a4,0x10
     f6e:	f8c77713          	andi	a4,a4,-116
     f72:	8f51                	or	a4,a4,a2
     f74:	2592                	lhu	a2,8(a1)
     f76:	9bf5                	andi	a5,a5,-3
     f78:	06c2                	slli	a3,a3,0x10
     f7a:	00666633          	or	a2,a2,t1
     f7e:	8fd1                	or	a5,a5,a2
     f80:	40013637          	lui	a2,0x40013
     f84:	c0060613          	addi	a2,a2,-1024 # 40012c00 <__global_pointer$+0x200123c8>
     f88:	82c1                	srli	a3,a3,0x10
     f8a:	02c51063          	bne	a0,a2,faa <TIM_OC1Init+0x5e>
     f8e:	25b2                	lhu	a2,10(a1)
     f90:	9bdd                	andi	a5,a5,-9
     f92:	00e5d303          	lhu	t1,14(a1)
     f96:	8fd1                	or	a5,a5,a2
     f98:	21d2                	lhu	a2,4(a1)
     f9a:	9bed                	andi	a5,a5,-5
     f9c:	cff6f693          	andi	a3,a3,-769
     fa0:	8fd1                	or	a5,a5,a2
     fa2:	25d2                	lhu	a2,12(a1)
     fa4:	00666633          	or	a2,a2,t1
     fa8:	8ed1                	or	a3,a3,a2
     faa:	a156                	sh	a3,4(a0)
     fac:	ad1a                	sh	a4,24(a0)
     fae:	21fa                	lhu	a4,6(a1)
     fb0:	d958                	sw	a4,52(a0)
     fb2:	b11e                	sh	a5,32(a0)
     fb4:	8082                	ret

00000fb6 <TIM_Cmd>:
     fb6:	211e                	lhu	a5,0(a0)
     fb8:	c589                	beqz	a1,fc2 <TIM_Cmd+0xc>
     fba:	0017e793          	ori	a5,a5,1
     fbe:	a11e                	sh	a5,0(a0)
     fc0:	8082                	ret
     fc2:	07c2                	slli	a5,a5,0x10
     fc4:	83c1                	srli	a5,a5,0x10
     fc6:	9bf9                	andi	a5,a5,-2
     fc8:	07c2                	slli	a5,a5,0x10
     fca:	83c1                	srli	a5,a5,0x10
     fcc:	bfcd                	j	fbe <TIM_Cmd+0x8>

00000fce <TIM_CtrlPWMOutputs>:
     fce:	04455783          	lhu	a5,68(a0)
     fd2:	c591                	beqz	a1,fde <TIM_CtrlPWMOutputs+0x10>
     fd4:	6721                	lui	a4,0x8
     fd6:	8fd9                	or	a5,a5,a4
     fd8:	04f51223          	sh	a5,68(a0)
     fdc:	8082                	ret
     fde:	07c6                	slli	a5,a5,0x11
     fe0:	83c5                	srli	a5,a5,0x11
     fe2:	bfdd                	j	fd8 <TIM_CtrlPWMOutputs+0xa>

00000fe4 <TIM_ITConfig>:
     fe4:	255e                	lhu	a5,12(a0)
     fe6:	c601                	beqz	a2,fee <TIM_ITConfig+0xa>
     fe8:	8ddd                	or	a1,a1,a5
     fea:	a54e                	sh	a1,12(a0)
     fec:	8082                	ret
     fee:	fff5c593          	not	a1,a1
     ff2:	8dfd                	and	a1,a1,a5
     ff4:	bfdd                	j	fea <TIM_ITConfig+0x6>

00000ff6 <TIM_ARRPreloadConfig>:
     ff6:	211e                	lhu	a5,0(a0)
     ff8:	c589                	beqz	a1,1002 <TIM_ARRPreloadConfig+0xc>
     ffa:	0807e793          	ori	a5,a5,128
     ffe:	a11e                	sh	a5,0(a0)
    1000:	8082                	ret
    1002:	07c2                	slli	a5,a5,0x10
    1004:	83c1                	srli	a5,a5,0x10
    1006:	f7f7f793          	andi	a5,a5,-129
    100a:	07c2                	slli	a5,a5,0x10
    100c:	83c1                	srli	a5,a5,0x10
    100e:	bfc5                	j	ffe <TIM_ARRPreloadConfig+0x8>

00001010 <TIM_OC1PreloadConfig>:
    1010:	2d1e                	lhu	a5,24(a0)
    1012:	07c2                	slli	a5,a5,0x10
    1014:	83c1                	srli	a5,a5,0x10
    1016:	9bdd                	andi	a5,a5,-9
    1018:	8ddd                	or	a1,a1,a5
    101a:	ad0e                	sh	a1,24(a0)
    101c:	8082                	ret

0000101e <TIM_SetCompare1>:
    101e:	d94c                	sw	a1,52(a0)
    1020:	8082                	ret

00001022 <TIM_ClearFlag>:
    1022:	fff5c593          	not	a1,a1
    1026:	05c2                	slli	a1,a1,0x10
    1028:	81c1                	srli	a1,a1,0x10
    102a:	a90e                	sh	a1,16(a0)
    102c:	8082                	ret

0000102e <TIM_GetITStatus>:
    102e:	291e                	lhu	a5,16(a0)
    1030:	254a                	lhu	a0,12(a0)
    1032:	8fed                	and	a5,a5,a1
    1034:	0542                	slli	a0,a0,0x10
    1036:	8141                	srli	a0,a0,0x10
    1038:	c789                	beqz	a5,1042 <TIM_GetITStatus+0x14>
    103a:	8d6d                	and	a0,a0,a1
    103c:	00a03533          	snez	a0,a0
    1040:	8082                	ret
    1042:	4501                	li	a0,0
    1044:	8082                	ret

00001046 <TIM_ClearITPendingBit>:
    1046:	fff5c593          	not	a1,a1
    104a:	05c2                	slli	a1,a1,0x10
    104c:	81c1                	srli	a1,a1,0x10
    104e:	a90e                	sh	a1,16(a0)
    1050:	8082                	ret

00001052 <USART_Init>:
    1052:	84eff2ef          	jal	t0,a0 <__riscv_save_0>
    1056:	2916                	lhu	a3,16(a0)
    1058:	77f5                	lui	a5,0xffffd
    105a:	17fd                	addi	a5,a5,-1
    105c:	8ff5                	and	a5,a5,a3
    105e:	21f6                	lhu	a3,6(a1)
    1060:	25da                	lhu	a4,12(a1)
    1062:	1121                	addi	sp,sp,-24
    1064:	8fd5                	or	a5,a5,a3
    1066:	a91e                	sh	a5,16(a0)
    1068:	2556                	lhu	a3,12(a0)
    106a:	77fd                	lui	a5,0xfffff
    106c:	9f378793          	addi	a5,a5,-1549 # ffffe9f3 <__global_pointer$+0xdfffe1bb>
    1070:	8ff5                	and	a5,a5,a3
    1072:	21d6                	lhu	a3,4(a1)
    1074:	842a                	mv	s0,a0
    1076:	c02e                	sw	a1,0(sp)
    1078:	8fd5                	or	a5,a5,a3
    107a:	2596                	lhu	a3,8(a1)
    107c:	8fd5                	or	a5,a5,a3
    107e:	25b6                	lhu	a3,10(a1)
    1080:	8fd5                	or	a5,a5,a3
    1082:	a55e                	sh	a5,12(a0)
    1084:	295e                	lhu	a5,20(a0)
    1086:	07c2                	slli	a5,a5,0x10
    1088:	83c1                	srli	a5,a5,0x10
    108a:	cff7f793          	andi	a5,a5,-769
    108e:	8f5d                	or	a4,a4,a5
    1090:	a95a                	sh	a4,20(a0)
    1092:	0048                	addi	a0,sp,4
    1094:	33bd                	jal	e02 <RCC_GetClocksFreq>
    1096:	400147b7          	lui	a5,0x40014
    109a:	80078793          	addi	a5,a5,-2048 # 40013800 <__global_pointer$+0x20012fc8>
    109e:	4582                	lw	a1,0(sp)
    10a0:	06f41263          	bne	s0,a5,1104 <USART_Init+0xb2>
    10a4:	47c2                	lw	a5,16(sp)
    10a6:	245a                	lhu	a4,12(s0)
    10a8:	00179513          	slli	a0,a5,0x1
    10ac:	953e                	add	a0,a0,a5
    10ae:	0742                	slli	a4,a4,0x10
    10b0:	050e                	slli	a0,a0,0x3
    10b2:	8741                	srai	a4,a4,0x10
    10b4:	953e                	add	a0,a0,a5
    10b6:	418c                	lw	a1,0(a1)
    10b8:	04075863          	bgez	a4,1108 <USART_Init+0xb6>
    10bc:	0586                	slli	a1,a1,0x1
    10be:	816ff0ef          	jal	ra,d4 <__udivsi3>
    10c2:	06400593          	li	a1,100
    10c6:	c02a                	sw	a0,0(sp)
    10c8:	80cff0ef          	jal	ra,d4 <__udivsi3>
    10cc:	4782                	lw	a5,0(sp)
    10ce:	00451493          	slli	s1,a0,0x4
    10d2:	06400593          	li	a1,100
    10d6:	853e                	mv	a0,a5
    10d8:	828ff0ef          	jal	ra,100 <__umodsi3>
    10dc:	245e                	lhu	a5,12(s0)
    10de:	07c2                	slli	a5,a5,0x10
    10e0:	87c1                	srai	a5,a5,0x10
    10e2:	0207d563          	bgez	a5,110c <USART_Init+0xba>
    10e6:	050e                	slli	a0,a0,0x3
    10e8:	06400593          	li	a1,100
    10ec:	03250513          	addi	a0,a0,50
    10f0:	fe5fe0ef          	jal	ra,d4 <__udivsi3>
    10f4:	891d                	andi	a0,a0,7
    10f6:	8cc9                	or	s1,s1,a0
    10f8:	04c2                	slli	s1,s1,0x10
    10fa:	80c1                	srli	s1,s1,0x10
    10fc:	a406                	sh	s1,8(s0)
    10fe:	0161                	addi	sp,sp,24
    1100:	fabfe06f          	j	aa <__riscv_restore_0>
    1104:	47b2                	lw	a5,12(sp)
    1106:	b745                	j	10a6 <USART_Init+0x54>
    1108:	058a                	slli	a1,a1,0x2
    110a:	bf55                	j	10be <USART_Init+0x6c>
    110c:	0512                	slli	a0,a0,0x4
    110e:	06400593          	li	a1,100
    1112:	03250513          	addi	a0,a0,50
    1116:	fbffe0ef          	jal	ra,d4 <__udivsi3>
    111a:	893d                	andi	a0,a0,15
    111c:	bfe9                	j	10f6 <USART_Init+0xa4>

0000111e <USART_Cmd>:
    111e:	c591                	beqz	a1,112a <USART_Cmd+0xc>
    1120:	255e                	lhu	a5,12(a0)
    1122:	6709                	lui	a4,0x2
    1124:	8fd9                	or	a5,a5,a4
    1126:	a55e                	sh	a5,12(a0)
    1128:	8082                	ret
    112a:	255a                	lhu	a4,12(a0)
    112c:	77f9                	lui	a5,0xffffe
    112e:	17fd                	addi	a5,a5,-1
    1130:	8ff9                	and	a5,a5,a4
    1132:	bfd5                	j	1126 <USART_Cmd+0x8>

00001134 <USART_ITConfig>:
    1134:	0ff5f713          	andi	a4,a1,255
    1138:	4785                	li	a5,1
    113a:	8315                	srli	a4,a4,0x5
    113c:	00b795b3          	sll	a1,a5,a1
    1140:	00f71963          	bne	a4,a5,1152 <USART_ITConfig+0x1e>
    1144:	00c50793          	addi	a5,a0,12
    1148:	4398                	lw	a4,0(a5)
    114a:	ce01                	beqz	a2,1162 <USART_ITConfig+0x2e>
    114c:	8dd9                	or	a1,a1,a4
    114e:	c38c                	sw	a1,0(a5)
    1150:	8082                	ret
    1152:	4689                	li	a3,2
    1154:	01450793          	addi	a5,a0,20
    1158:	fed718e3          	bne	a4,a3,1148 <USART_ITConfig+0x14>
    115c:	01050793          	addi	a5,a0,16
    1160:	b7e5                	j	1148 <USART_ITConfig+0x14>
    1162:	fff5c593          	not	a1,a1
    1166:	8df9                	and	a1,a1,a4
    1168:	b7dd                	j	114e <USART_ITConfig+0x1a>

0000116a <USART_GetITStatus>:
    116a:	0ff5f713          	andi	a4,a1,255
    116e:	4685                	li	a3,1
    1170:	8315                	srli	a4,a4,0x5
    1172:	00b697b3          	sll	a5,a3,a1
    1176:	02d71163          	bne	a4,a3,1198 <USART_GetITStatus+0x2e>
    117a:	255a                	lhu	a4,12(a0)
    117c:	8ff9                	and	a5,a5,a4
    117e:	211a                	lhu	a4,0(a0)
    1180:	4501                	li	a0,0
    1182:	0742                	slli	a4,a4,0x10
    1184:	8341                	srli	a4,a4,0x10
    1186:	cb81                	beqz	a5,1196 <USART_GetITStatus+0x2c>
    1188:	4505                	li	a0,1
    118a:	81a1                	srli	a1,a1,0x8
    118c:	00b515b3          	sll	a1,a0,a1
    1190:	8f6d                	and	a4,a4,a1
    1192:	00e03533          	snez	a0,a4
    1196:	8082                	ret
    1198:	4689                	li	a3,2
    119a:	00d71463          	bne	a4,a3,11a2 <USART_GetITStatus+0x38>
    119e:	291a                	lhu	a4,16(a0)
    11a0:	bff1                	j	117c <USART_GetITStatus+0x12>
    11a2:	295a                	lhu	a4,20(a0)
    11a4:	bfe1                	j	117c <USART_GetITStatus+0x12>

000011a6 <USART_ClearITPendingBit>:
    11a6:	81a1                	srli	a1,a1,0x8
    11a8:	4785                	li	a5,1
    11aa:	00b797b3          	sll	a5,a5,a1
    11ae:	fff7c793          	not	a5,a5
    11b2:	07c2                	slli	a5,a5,0x10
    11b4:	83c1                	srli	a5,a5,0x10
    11b6:	a11e                	sh	a5,0(a0)
    11b8:	8082                	ret

000011ba <Delay_Init>:
    11ba:	ee7fe2ef          	jal	t0,a0 <__riscv_save_0>
    11be:	200007b7          	lui	a5,0x20000
    11c2:	0107a503          	lw	a0,16(a5) # 20000010 <SystemCoreClock>
    11c6:	007a15b7          	lui	a1,0x7a1
    11ca:	20058593          	addi	a1,a1,512 # 7a1200 <_data_lma+0x79ffd8>
    11ce:	f07fe0ef          	jal	ra,d4 <__udivsi3>
    11d2:	0ff57513          	andi	a0,a0,255
    11d6:	82a18d23          	sb	a0,-1990(gp) # 20000072 <p_us>
    11da:	00551793          	slli	a5,a0,0x5
    11de:	8f89                	sub	a5,a5,a0
    11e0:	078a                	slli	a5,a5,0x2
    11e2:	953e                	add	a0,a0,a5
    11e4:	050e                	slli	a0,a0,0x3
    11e6:	82a19c23          	sh	a0,-1992(gp) # 20000070 <p_ms>
    11ea:	ec1fe06f          	j	aa <__riscv_restore_0>

000011ee <Delay_Ms>:
    11ee:	eb3fe2ef          	jal	t0,a0 <__riscv_save_0>
    11f2:	e000f437          	lui	s0,0xe000f
    11f6:	405c                	lw	a5,4(s0)
    11f8:	85aa                	mv	a1,a0
    11fa:	9bf9                	andi	a5,a5,-2
    11fc:	c05c                	sw	a5,4(s0)
    11fe:	8381d503          	lhu	a0,-1992(gp) # 20000070 <p_ms>
    1202:	eb3fe0ef          	jal	ra,b4 <__mulsi3>
    1206:	c808                	sw	a0,16(s0)
    1208:	00042423          	sw	zero,8(s0) # e000f008 <__global_pointer$+0xc000e7d0>
    120c:	401c                	lw	a5,0(s0)
    120e:	0017e793          	ori	a5,a5,1
    1212:	c01c                	sw	a5,0(s0)
    1214:	e000f7b7          	lui	a5,0xe000f
    1218:	43d8                	lw	a4,4(a5)
    121a:	8b05                	andi	a4,a4,1
    121c:	df75                	beqz	a4,1218 <Delay_Ms+0x2a>
    121e:	4398                	lw	a4,0(a5)
    1220:	9b79                	andi	a4,a4,-2
    1222:	c398                	sw	a4,0(a5)
    1224:	e87fe06f          	j	aa <__riscv_restore_0>
